2023-01-06 13:13:14.512 [main] INFO  stepDefinitions.BaseClass - Browser is launched
2023-01-06 13:13:15.590 [main] INFO  stepDefinitions.BaseClass - Baseurl is opened
2023-01-06 13:13:17.224 [main] INFO  stepDefinitions.BaseClass - Entered username and password
2023-01-06 13:13:19.551 [main] INFO  stepDefinitions.BaseClass - Browser is launched
2023-01-06 13:13:20.155 [main] INFO  stepDefinitions.BaseClass - Baseurl is opened
2023-01-06 13:13:21.710 [main] INFO  stepDefinitions.BaseClass - Entered username and password
2023-01-06 13:13:23.303 [main] INFO  stepDefinitions.BaseClass - Browser is launched
2023-01-06 13:13:23.892 [main] INFO  stepDefinitions.BaseClass - Baseurl is opened
2023-01-06 13:13:25.966 [main] INFO  stepDefinitions.BaseClass - Entered username and password
2023-01-06 13:13:28.251 [main] INFO  stepDefinitions.BaseClass - Browser is launched
2023-01-06 13:13:28.835 [main] INFO  stepDefinitions.BaseClass - Baseurl is opened
2023-01-06 13:13:30.150 [main] INFO  stepDefinitions.BaseClass - Entered username and password
2023-01-06 13:13:31.691 [main] INFO  stepDefinitions.BaseClass - Browser is launched
2023-01-06 13:13:32.279 [main] INFO  stepDefinitions.BaseClass - Baseurl is opened
2023-01-06 13:13:34.000 [main] INFO  stepDefinitions.BaseClass - Entered username and password
2023-01-06 13:13:35.018 [main] INFO  stepDefinitions.BaseClass - Browser is launched
2023-01-06 13:13:35.606 [main] INFO  stepDefinitions.BaseClass - Baseurl is opened
2023-01-06 13:13:37.489 [main] INFO  stepDefinitions.BaseClass - Entered username and password
2023-01-06 13:13:42.492 [main] INFO  stepDefinitions.BaseClass - Browser is launched
2023-01-06 13:13:43.082 [main] INFO  stepDefinitions.BaseClass - Baseurl is opened
2023-01-06 13:16:47.382 [main] INFO  stepDefinitions.BaseClass - Browser is launched
2023-01-06 13:16:48.443 [main] INFO  stepDefinitions.BaseClass - Baseurl is opened
2023-01-06 13:16:49.556 [main] INFO  stepDefinitions.BaseClass - Entered username and password
2023-01-06 13:16:49.650 [main] INFO  stepDefinitions.BaseClass - Clicked Submit
2023-01-06 13:16:50.222 [main] INFO  stepDefinitions.BaseClass - Login Passed with valid credentials
2023-01-06 13:16:50.226 [main] INFO  stepDefinitions.BaseClass - Clicking SignOff
2023-01-06 13:16:50.663 [main] INFO  stepDefinitions.BaseClass - Login Passed with valid credentials
2023-01-06 13:16:50.666 [main] INFO  stepDefinitions.BaseClass - Browser Closed
2023-01-06 13:16:50.752 [main] INFO  stepDefinitions.BaseClass - Browser is launched
2023-01-06 13:16:51.341 [main] INFO  stepDefinitions.BaseClass - Baseurl is opened
2023-01-06 13:16:52.444 [main] INFO  stepDefinitions.BaseClass - Entered username and password
2023-01-06 13:16:52.532 [main] INFO  stepDefinitions.BaseClass - Clicked Submit
2023-01-06 13:16:53.035 [main] INFO  stepDefinitions.BaseClass - Login Passed with valid credentials
2023-01-06 13:16:53.038 [main] INFO  stepDefinitions.BaseClass - Clicking SignOff
2023-01-06 13:16:53.451 [main] INFO  stepDefinitions.BaseClass - Login Passed with valid credentials
2023-01-06 13:16:53.454 [main] INFO  stepDefinitions.BaseClass - Browser Closed
2023-01-06 13:16:53.539 [main] INFO  stepDefinitions.BaseClass - Browser is launched
2023-01-06 13:16:54.125 [main] INFO  stepDefinitions.BaseClass - Baseurl is opened
2023-01-06 13:16:55.143 [main] INFO  stepDefinitions.BaseClass - Entered username and password
2023-01-06 13:16:55.228 [main] INFO  stepDefinitions.BaseClass - Clicked Submit
2023-01-06 13:16:55.799 [main] INFO  stepDefinitions.BaseClass - Login Passed with valid credentials
2023-01-06 13:16:55.802 [main] INFO  stepDefinitions.BaseClass - Clicking SignOff
2023-01-06 13:16:56.214 [main] INFO  stepDefinitions.BaseClass - Login Passed with valid credentials
2023-01-06 13:16:56.217 [main] INFO  stepDefinitions.BaseClass - Browser Closed
2023-01-06 13:16:56.324 [main] INFO  stepDefinitions.BaseClass - Browser is launched
2023-01-06 13:16:56.918 [main] INFO  stepDefinitions.BaseClass - Baseurl is opened
2023-01-06 13:16:57.992 [main] INFO  stepDefinitions.BaseClass - Entered username and password
2023-01-06 13:16:58.081 [main] INFO  stepDefinitions.BaseClass - Clicked Submit
2023-01-06 13:16:58.670 [main] INFO  stepDefinitions.BaseClass - Login Passed with valid credentials
2023-01-06 13:16:58.672 [main] INFO  stepDefinitions.BaseClass - Clicking SignOff
2023-01-06 13:16:59.106 [main] INFO  stepDefinitions.BaseClass - Login Passed with valid credentials
2023-01-06 13:16:59.109 [main] INFO  stepDefinitions.BaseClass - Browser Closed
2023-01-06 13:16:59.191 [main] INFO  stepDefinitions.BaseClass - Browser is launched
2023-01-06 13:16:59.784 [main] INFO  stepDefinitions.BaseClass - Baseurl is opened
2023-01-06 13:17:00.737 [main] INFO  stepDefinitions.BaseClass - Entered username and password
2023-01-06 13:17:00.823 [main] INFO  stepDefinitions.BaseClass - Clicked Submit
2023-01-06 13:17:01.387 [main] INFO  stepDefinitions.BaseClass - Login failed with invalid credentials
2023-01-06 13:17:01.498 [main] INFO  stepDefinitions.BaseClass - Browser is launched
2023-01-06 13:17:02.090 [main] INFO  stepDefinitions.BaseClass - Baseurl is opened
2023-01-06 13:17:03.081 [main] INFO  stepDefinitions.BaseClass - Entered username and password
2023-01-06 13:17:03.167 [main] INFO  stepDefinitions.BaseClass - Clicked Submit
2023-01-06 13:17:03.702 [main] INFO  stepDefinitions.BaseClass - Login Passed with valid credentials
2023-01-06 13:17:07.983 [main] INFO  stepDefinitions.BaseClass - Browser Closed
2023-01-06 13:17:08.079 [main] INFO  stepDefinitions.BaseClass - Browser is launched
2023-01-06 13:17:08.677 [main] INFO  stepDefinitions.BaseClass - Baseurl is opened
2023-01-06 13:17:10.115 [main] INFO  stepDefinitions.BaseClass - Login Passed with valid credentials
2023-01-06 13:17:10.992 [main] INFO  stepDefinitions.BaseClass - Clicked Submit
2023-01-06 13:17:11.493 [main] INFO  stepDefinitions.BaseClass - Browser Closed
2023-01-06 13:52:35.898 [main] INFO  stepDefinitions.BaseClass - Browser is launched
2023-01-06 13:52:35.911 [main] INFO  stepDefinitions.BaseClass - Baseurl is opened
2023-01-06 13:52:36.951 [main] INFO  stepDefinitions.BaseClass - Entered username and password
2023-01-06 13:52:37.069 [main] INFO  stepDefinitions.BaseClass - Clicked Submit
2023-01-06 13:52:37.629 [main] INFO  stepDefinitions.BaseClass - Login Passed with valid credentials
2023-01-06 13:52:37.634 [main] INFO  stepDefinitions.BaseClass - Clicking SignOff
2023-01-06 13:52:38.047 [main] INFO  stepDefinitions.BaseClass - Login Passed with valid credentials
2023-01-06 13:52:38.050 [main] INFO  stepDefinitions.BaseClass - Browser Closed
2023-01-06 13:52:39.208 [main] INFO  stepDefinitions.BaseClass - Browser is launched
2023-01-06 13:52:39.209 [main] INFO  stepDefinitions.BaseClass - Baseurl is opened
2023-01-06 13:52:40.314 [main] INFO  stepDefinitions.BaseClass - Entered username and password
2023-01-06 13:52:40.402 [main] INFO  stepDefinitions.BaseClass - Clicked Submit
2023-01-06 13:52:40.927 [main] INFO  stepDefinitions.BaseClass - Login Passed with valid credentials
2023-01-06 13:52:40.931 [main] INFO  stepDefinitions.BaseClass - Clicking SignOff
2023-01-06 13:52:41.380 [main] INFO  stepDefinitions.BaseClass - Login Passed with valid credentials
2023-01-06 13:52:41.383 [main] INFO  stepDefinitions.BaseClass - Browser Closed
2023-01-06 13:52:42.496 [main] INFO  stepDefinitions.BaseClass - Browser is launched
2023-01-06 13:52:42.497 [main] INFO  stepDefinitions.BaseClass - Baseurl is opened
2023-01-06 13:52:43.485 [main] INFO  stepDefinitions.BaseClass - Entered username and password
2023-01-06 13:52:43.584 [main] INFO  stepDefinitions.BaseClass - Clicked Submit
2023-01-06 13:52:44.187 [main] INFO  stepDefinitions.BaseClass - Login Passed with valid credentials
2023-01-06 13:52:44.190 [main] INFO  stepDefinitions.BaseClass - Clicking SignOff
2023-01-06 13:52:44.610 [main] INFO  stepDefinitions.BaseClass - Login Passed with valid credentials
2023-01-06 13:52:44.612 [main] INFO  stepDefinitions.BaseClass - Browser Closed
2023-01-06 13:52:45.762 [main] INFO  stepDefinitions.BaseClass - Browser is launched
2023-01-06 13:52:45.763 [main] INFO  stepDefinitions.BaseClass - Baseurl is opened
2023-01-06 13:52:46.754 [main] INFO  stepDefinitions.BaseClass - Entered username and password
2023-01-06 13:52:46.869 [main] INFO  stepDefinitions.BaseClass - Clicked Submit
2023-01-06 13:52:47.427 [main] INFO  stepDefinitions.BaseClass - Login Passed with valid credentials
2023-01-06 13:52:47.430 [main] INFO  stepDefinitions.BaseClass - Clicking SignOff
2023-01-06 13:52:47.818 [main] INFO  stepDefinitions.BaseClass - Login Passed with valid credentials
2023-01-06 13:52:47.821 [main] INFO  stepDefinitions.BaseClass - Browser Closed
2023-01-06 13:52:48.962 [main] INFO  stepDefinitions.BaseClass - Browser is launched
2023-01-06 13:52:48.962 [main] INFO  stepDefinitions.BaseClass - Baseurl is opened
2023-01-06 13:52:50.183 [main] INFO  stepDefinitions.BaseClass - Entered username and password
2023-01-06 13:52:50.272 [main] INFO  stepDefinitions.BaseClass - Clicked Submit
2023-01-06 13:52:50.750 [main] INFO  stepDefinitions.BaseClass - Login failed with invalid credentials
2023-01-06 13:52:51.899 [main] INFO  stepDefinitions.BaseClass - Browser is launched
2023-01-06 13:52:51.899 [main] INFO  stepDefinitions.BaseClass - Baseurl is opened
2023-01-06 13:52:52.902 [main] INFO  stepDefinitions.BaseClass - Entered username and password
2023-01-06 13:52:53.008 [main] INFO  stepDefinitions.BaseClass - Clicked Submit
2023-01-06 13:52:53.500 [main] INFO  stepDefinitions.BaseClass - Login Passed with valid credentials
2023-01-06 13:52:57.686 [main] INFO  stepDefinitions.BaseClass - Browser Closed
2023-01-06 13:52:58.811 [main] INFO  stepDefinitions.BaseClass - Browser is launched
2023-01-06 13:52:58.812 [main] INFO  stepDefinitions.BaseClass - Baseurl is opened
2023-01-06 13:53:00.248 [main] INFO  stepDefinitions.BaseClass - Login Passed with valid credentials
2023-01-06 13:53:01.069 [main] INFO  stepDefinitions.BaseClass - Clicked Submit
2023-01-06 13:53:01.533 [main] INFO  stepDefinitions.BaseClass - Browser Closed
2023-01-06 16:08:56.242 [main] INFO  stepDefinitions.BaseClass - Browser is launched
2023-01-06 16:08:56.253 [main] INFO  stepDefinitions.BaseClass - Baseurl is opened
2023-01-06 16:08:57.510 [main] INFO  stepDefinitions.BaseClass - Entered username and password
2023-01-06 16:08:57.599 [main] INFO  stepDefinitions.BaseClass - Clicked Submit
2023-01-06 16:08:58.165 [main] INFO  stepDefinitions.BaseClass - Login Passed with valid credentials
2023-01-06 16:08:58.169 [main] INFO  stepDefinitions.BaseClass - Clicking SignOff
2023-01-06 16:08:58.592 [main] INFO  stepDefinitions.BaseClass - Login Passed with valid credentials
2023-01-06 16:08:58.595 [main] INFO  stepDefinitions.BaseClass - Browser Closed
2023-01-06 16:08:59.718 [main] INFO  stepDefinitions.BaseClass - Browser is launched
2023-01-06 16:08:59.719 [main] INFO  stepDefinitions.BaseClass - Baseurl is opened
2023-01-06 16:09:01.094 [main] INFO  stepDefinitions.BaseClass - Login Passed with valid credentials
2023-01-06 16:09:01.984 [main] INFO  stepDefinitions.BaseClass - Clicked Submit
2023-01-06 16:09:02.484 [main] INFO  stepDefinitions.BaseClass - Browser Closed
2023-01-06 16:20:03.680 [main] INFO  stepDefinitions.BaseClass - Browser is launched
2023-01-06 16:20:03.691 [main] INFO  stepDefinitions.BaseClass - Baseurl is opened
2023-01-06 16:20:04.749 [main] INFO  stepDefinitions.BaseClass - Entered username and password
2023-01-06 16:20:04.844 [main] INFO  stepDefinitions.BaseClass - Clicked Submit
2023-01-06 16:20:05.505 [main] INFO  stepDefinitions.BaseClass - Login Passed with valid credentials
2023-01-06 16:20:05.510 [main] INFO  stepDefinitions.BaseClass - Clicking SignOff
2023-01-06 16:20:05.926 [main] INFO  stepDefinitions.BaseClass - Login Passed with valid credentials
2023-01-06 16:20:05.929 [main] INFO  stepDefinitions.BaseClass - Browser Closed
2023-01-06 16:20:07.090 [main] INFO  stepDefinitions.BaseClass - Browser is launched
2023-01-06 16:20:07.091 [main] INFO  stepDefinitions.BaseClass - Baseurl is opened
2023-01-06 16:20:08.040 [main] INFO  stepDefinitions.BaseClass - Entered username and password
2023-01-06 16:20:08.146 [main] INFO  stepDefinitions.BaseClass - Clicked Submit
2023-01-06 16:20:08.647 [main] INFO  stepDefinitions.BaseClass - Login Passed with valid credentials
2023-01-06 16:20:08.651 [main] INFO  stepDefinitions.BaseClass - Clicking SignOff
2023-01-06 16:20:09.090 [main] INFO  stepDefinitions.BaseClass - Login Passed with valid credentials
2023-01-06 16:20:09.092 [main] INFO  stepDefinitions.BaseClass - Browser Closed
2023-01-06 16:20:10.262 [main] INFO  stepDefinitions.BaseClass - Browser is launched
2023-01-06 16:20:10.263 [main] INFO  stepDefinitions.BaseClass - Baseurl is opened
2023-01-06 16:20:11.436 [main] INFO  stepDefinitions.BaseClass - Entered username and password
2023-01-06 16:20:11.525 [main] INFO  stepDefinitions.BaseClass - Clicked Submit
2023-01-06 16:20:12.129 [main] INFO  stepDefinitions.BaseClass - Login Passed with valid credentials
2023-01-06 16:20:12.131 [main] INFO  stepDefinitions.BaseClass - Clicking SignOff
2023-01-06 16:20:12.534 [main] INFO  stepDefinitions.BaseClass - Login Passed with valid credentials
2023-01-06 16:20:12.536 [main] INFO  stepDefinitions.BaseClass - Browser Closed
2023-01-06 16:20:13.672 [main] INFO  stepDefinitions.BaseClass - Browser is launched
2023-01-06 16:20:13.673 [main] INFO  stepDefinitions.BaseClass - Baseurl is opened
2023-01-06 16:20:14.626 [main] INFO  stepDefinitions.BaseClass - Entered username and password
2023-01-06 16:20:14.713 [main] INFO  stepDefinitions.BaseClass - Clicked Submit
2023-01-06 16:20:15.285 [main] INFO  stepDefinitions.BaseClass - Login Passed with valid credentials
2023-01-06 16:20:15.288 [main] INFO  stepDefinitions.BaseClass - Clicking SignOff
2023-01-06 16:20:15.684 [main] INFO  stepDefinitions.BaseClass - Login Passed with valid credentials
2023-01-06 16:20:15.687 [main] INFO  stepDefinitions.BaseClass - Browser Closed
2023-01-06 16:20:16.838 [main] INFO  stepDefinitions.BaseClass - Browser is launched
2023-01-06 16:20:16.838 [main] INFO  stepDefinitions.BaseClass - Baseurl is opened
2023-01-06 16:20:17.840 [main] INFO  stepDefinitions.BaseClass - Entered username and password
2023-01-06 16:20:17.927 [main] INFO  stepDefinitions.BaseClass - Clicked Submit
2023-01-06 16:20:18.537 [main] INFO  stepDefinitions.BaseClass - Login failed with invalid credentials
2023-01-06 16:20:19.658 [main] INFO  stepDefinitions.BaseClass - Browser is launched
2023-01-06 16:20:19.659 [main] INFO  stepDefinitions.BaseClass - Baseurl is opened
2023-01-06 16:20:20.791 [main] INFO  stepDefinitions.BaseClass - Entered username and password
2023-01-06 16:20:20.879 [main] INFO  stepDefinitions.BaseClass - Clicked Submit
2023-01-06 16:20:21.386 [main] INFO  stepDefinitions.BaseClass - Login Passed with valid credentials
2023-01-06 16:20:25.622 [main] INFO  stepDefinitions.BaseClass - Browser Closed
2023-01-06 16:20:26.754 [main] INFO  stepDefinitions.BaseClass - Browser is launched
2023-01-06 16:20:26.755 [main] INFO  stepDefinitions.BaseClass - Baseurl is opened
2023-01-06 16:20:28.190 [main] INFO  stepDefinitions.BaseClass - Login Passed with valid credentials
2023-01-06 16:20:29.123 [main] INFO  stepDefinitions.BaseClass - Clicked Submit
2023-01-06 16:20:29.614 [main] INFO  stepDefinitions.BaseClass - Browser Closed
2023-01-06 16:22:42.036 [main] INFO  stepDefinitions.BaseClass - Browser is launched
2023-01-06 16:22:42.047 [main] INFO  stepDefinitions.BaseClass - Baseurl is opened
2023-01-06 16:22:43.473 [main] INFO  stepDefinitions.BaseClass - Login Passed with valid credentials
2023-01-06 16:22:44.372 [main] INFO  stepDefinitions.BaseClass - Clicked Submit
2023-01-06 16:22:44.853 [main] INFO  stepDefinitions.BaseClass - Browser Closed
2023-01-06 16:28:19.761 [main] INFO  stepDefinitions.BaseClass - Browser is launched
2023-01-06 16:28:19.772 [main] INFO  stepDefinitions.BaseClass - Baseurl is opened
2023-01-06 16:28:20.739 [main] INFO  stepDefinitions.BaseClass - Entered username and password
2023-01-06 16:28:20.858 [main] INFO  stepDefinitions.BaseClass - Clicked Submit
2023-01-06 16:28:21.458 [main] INFO  stepDefinitions.BaseClass - Login Passed with valid credentials
2023-01-06 16:28:21.462 [main] INFO  stepDefinitions.BaseClass - Clicking SignOff
2023-01-06 16:28:21.878 [main] INFO  stepDefinitions.BaseClass - Login Passed with valid credentials
2023-01-06 16:28:21.881 [main] INFO  stepDefinitions.BaseClass - Browser Closed
2023-01-06 16:28:23.039 [main] INFO  stepDefinitions.BaseClass - Browser is launched
2023-01-06 16:28:23.040 [main] INFO  stepDefinitions.BaseClass - Baseurl is opened
2023-01-06 16:28:27.375 [main] INFO  stepDefinitions.BaseClass - Entered username and password
2023-01-06 16:28:27.470 [main] INFO  stepDefinitions.BaseClass - Clicked Submit
2023-01-06 16:28:28.136 [main] INFO  stepDefinitions.BaseClass - Login Passed with valid credentials
2023-01-06 16:28:28.142 [main] INFO  stepDefinitions.BaseClass - Clicking SignOff
2023-01-06 16:28:28.726 [main] INFO  stepDefinitions.BaseClass - Login Passed with valid credentials
2023-01-06 16:28:28.730 [main] INFO  stepDefinitions.BaseClass - Browser Closed
2023-01-06 16:28:29.884 [main] INFO  stepDefinitions.BaseClass - Browser is launched
2023-01-06 16:28:29.885 [main] INFO  stepDefinitions.BaseClass - Baseurl is opened
2023-01-06 16:28:31.409 [main] INFO  stepDefinitions.BaseClass - Entered username and password
2023-01-06 16:28:31.495 [main] INFO  stepDefinitions.BaseClass - Clicked Submit
2023-01-06 16:28:32.190 [main] INFO  stepDefinitions.BaseClass - Login Passed with valid credentials
2023-01-06 16:28:32.194 [main] INFO  stepDefinitions.BaseClass - Clicking SignOff
2023-01-06 16:28:32.592 [main] INFO  stepDefinitions.BaseClass - Login Passed with valid credentials
2023-01-06 16:28:32.594 [main] INFO  stepDefinitions.BaseClass - Browser Closed
2023-01-06 16:28:33.764 [main] INFO  stepDefinitions.BaseClass - Browser is launched
2023-01-06 16:28:33.766 [main] INFO  stepDefinitions.BaseClass - Baseurl is opened
2023-01-06 16:28:34.911 [main] INFO  stepDefinitions.BaseClass - Entered username and password
2023-01-06 16:28:35.024 [main] INFO  stepDefinitions.BaseClass - Clicked Submit
2023-01-06 16:28:35.608 [main] INFO  stepDefinitions.BaseClass - Login Passed with valid credentials
2023-01-06 16:28:35.610 [main] INFO  stepDefinitions.BaseClass - Clicking SignOff
2023-01-06 16:28:36.007 [main] INFO  stepDefinitions.BaseClass - Login Passed with valid credentials
2023-01-06 16:28:36.009 [main] INFO  stepDefinitions.BaseClass - Browser Closed
2023-01-06 16:28:37.150 [main] INFO  stepDefinitions.BaseClass - Browser is launched
2023-01-06 16:28:37.151 [main] INFO  stepDefinitions.BaseClass - Baseurl is opened
2023-01-06 16:28:38.273 [main] INFO  stepDefinitions.BaseClass - Entered username and password
2023-01-06 16:28:38.365 [main] INFO  stepDefinitions.BaseClass - Clicked Submit
2023-01-06 16:28:38.853 [main] INFO  stepDefinitions.BaseClass - Login failed with invalid credentials
2023-01-06 16:28:39.991 [main] INFO  stepDefinitions.BaseClass - Browser is launched
2023-01-06 16:28:39.992 [main] INFO  stepDefinitions.BaseClass - Baseurl is opened
2023-01-06 16:28:40.943 [main] INFO  stepDefinitions.BaseClass - Entered username and password
2023-01-06 16:28:41.031 [main] INFO  stepDefinitions.BaseClass - Clicked Submit
2023-01-06 16:28:41.512 [main] INFO  stepDefinitions.BaseClass - Login Passed with valid credentials
2023-01-06 16:28:45.660 [main] INFO  stepDefinitions.BaseClass - Browser Closed
2023-01-06 16:28:46.779 [main] INFO  stepDefinitions.BaseClass - Browser is launched
2023-01-06 16:28:46.779 [main] INFO  stepDefinitions.BaseClass - Baseurl is opened
2023-01-06 16:28:48.178 [main] INFO  stepDefinitions.BaseClass - Login Passed with valid credentials
2023-01-06 16:28:49.058 [main] INFO  stepDefinitions.BaseClass - Clicked Submit
2023-01-06 16:28:49.516 [main] INFO  stepDefinitions.BaseClass - Browser Closed
2023-01-06 16:38:15.819 [main] INFO  stepDefinitions.BaseClass - Browser is launched
2023-01-06 16:38:15.832 [main] INFO  stepDefinitions.BaseClass - Baseurl is opened
2023-01-06 16:38:16.918 [main] INFO  stepDefinitions.BaseClass - Entered username and password
2023-01-06 16:38:17.010 [main] INFO  stepDefinitions.BaseClass - Clicked Submit
2023-01-06 16:38:17.587 [main] INFO  stepDefinitions.BaseClass - Login Passed with valid credentials
2023-01-06 16:38:17.592 [main] INFO  stepDefinitions.BaseClass - Clicking SignOff
2023-01-06 16:38:18.089 [main] INFO  stepDefinitions.BaseClass - Login Passed with valid credentials
2023-01-06 16:38:18.092 [main] INFO  stepDefinitions.BaseClass - Browser Closed
2023-01-06 16:38:19.266 [main] INFO  stepDefinitions.BaseClass - Browser is launched
2023-01-06 16:38:19.267 [main] INFO  stepDefinitions.BaseClass - Baseurl is opened
2023-01-06 16:38:20.252 [main] INFO  stepDefinitions.BaseClass - Entered username and password
2023-01-06 16:38:20.338 [main] INFO  stepDefinitions.BaseClass - Clicked Submit
2023-01-06 16:38:20.895 [main] INFO  stepDefinitions.BaseClass - Login Passed with valid credentials
2023-01-06 16:38:20.899 [main] INFO  stepDefinitions.BaseClass - Clicking SignOff
2023-01-06 16:38:21.344 [main] INFO  stepDefinitions.BaseClass - Login Passed with valid credentials
2023-01-06 16:38:21.347 [main] INFO  stepDefinitions.BaseClass - Browser Closed
2023-01-06 16:38:22.494 [main] INFO  stepDefinitions.BaseClass - Browser is launched
2023-01-06 16:38:22.495 [main] INFO  stepDefinitions.BaseClass - Baseurl is opened
2023-01-06 16:38:23.489 [main] INFO  stepDefinitions.BaseClass - Entered username and password
2023-01-06 16:38:23.575 [main] INFO  stepDefinitions.BaseClass - Clicked Submit
2023-01-06 16:38:24.194 [main] INFO  stepDefinitions.BaseClass - Login Passed with valid credentials
2023-01-06 16:38:24.197 [main] INFO  stepDefinitions.BaseClass - Clicking SignOff
2023-01-06 16:38:24.603 [main] INFO  stepDefinitions.BaseClass - Login Passed with valid credentials
2023-01-06 16:38:24.605 [main] INFO  stepDefinitions.BaseClass - Browser Closed
2023-01-06 16:38:25.743 [main] INFO  stepDefinitions.BaseClass - Browser is launched
2023-01-06 16:38:25.744 [main] INFO  stepDefinitions.BaseClass - Baseurl is opened
2023-01-06 16:38:26.745 [main] INFO  stepDefinitions.BaseClass - Entered username and password
2023-01-06 16:38:26.834 [main] INFO  stepDefinitions.BaseClass - Clicked Submit
2023-01-06 16:38:27.414 [main] INFO  stepDefinitions.BaseClass - Login Passed with valid credentials
2023-01-06 16:38:27.416 [main] INFO  stepDefinitions.BaseClass - Clicking SignOff
2023-01-06 16:38:27.870 [main] INFO  stepDefinitions.BaseClass - Login Passed with valid credentials
2023-01-06 16:38:27.873 [main] INFO  stepDefinitions.BaseClass - Browser Closed
2023-01-06 16:38:29.032 [main] INFO  stepDefinitions.BaseClass - Browser is launched
2023-01-06 16:38:29.032 [main] INFO  stepDefinitions.BaseClass - Baseurl is opened
2023-01-06 16:38:30.242 [main] INFO  stepDefinitions.BaseClass - Entered username and password
2023-01-06 16:38:30.330 [main] INFO  stepDefinitions.BaseClass - Clicked Submit
2023-01-06 16:38:30.841 [main] INFO  stepDefinitions.BaseClass - Login failed with invalid credentials
2023-01-06 16:38:31.966 [main] INFO  stepDefinitions.BaseClass - Browser is launched
2023-01-06 16:38:31.966 [main] INFO  stepDefinitions.BaseClass - Baseurl is opened
2023-01-06 16:38:32.904 [main] INFO  stepDefinitions.BaseClass - Entered username and password
2023-01-06 16:38:32.995 [main] INFO  stepDefinitions.BaseClass - Clicked Submit
2023-01-06 16:38:33.496 [main] INFO  stepDefinitions.BaseClass - Login Passed with valid credentials
2023-01-06 16:38:37.707 [main] INFO  stepDefinitions.BaseClass - Browser Closed
2023-01-06 16:38:38.880 [main] INFO  stepDefinitions.BaseClass - Browser is launched
2023-01-06 16:38:38.881 [main] INFO  stepDefinitions.BaseClass - Baseurl is opened
2023-01-06 16:38:40.308 [main] INFO  stepDefinitions.BaseClass - Login Passed with valid credentials
2023-01-06 16:38:41.240 [main] INFO  stepDefinitions.BaseClass - Clicked Submit
2023-01-06 16:38:41.761 [main] INFO  stepDefinitions.BaseClass - Browser Closed
2023-01-06 16:39:44.316 [main] INFO  stepDefinitions.BaseClass - Browser is launched
2023-01-06 16:39:44.328 [main] INFO  stepDefinitions.BaseClass - Baseurl is opened
2023-01-06 16:39:45.316 [main] INFO  stepDefinitions.BaseClass - Entered username and password
2023-01-06 16:39:45.437 [main] INFO  stepDefinitions.BaseClass - Clicked Submit
2023-01-06 16:39:46.011 [main] INFO  stepDefinitions.BaseClass - Login Passed with valid credentials
2023-01-06 16:39:46.015 [main] INFO  stepDefinitions.BaseClass - Clicking SignOff
2023-01-06 16:39:46.416 [main] INFO  stepDefinitions.BaseClass - Login Passed with valid credentials
2023-01-06 16:39:46.419 [main] INFO  stepDefinitions.BaseClass - Browser Closed
2023-01-06 16:39:47.575 [main] INFO  stepDefinitions.BaseClass - Browser is launched
2023-01-06 16:39:47.576 [main] INFO  stepDefinitions.BaseClass - Baseurl is opened
2023-01-06 16:39:48.743 [main] INFO  stepDefinitions.BaseClass - Entered username and password
2023-01-06 16:39:48.831 [main] INFO  stepDefinitions.BaseClass - Clicked Submit
2023-01-06 16:39:49.365 [main] INFO  stepDefinitions.BaseClass - Login Passed with valid credentials
2023-01-06 16:39:49.369 [main] INFO  stepDefinitions.BaseClass - Clicking SignOff
2023-01-06 16:39:49.813 [main] INFO  stepDefinitions.BaseClass - Login Passed with valid credentials
2023-01-06 16:39:49.816 [main] INFO  stepDefinitions.BaseClass - Browser Closed
2023-01-06 16:39:50.973 [main] INFO  stepDefinitions.BaseClass - Browser is launched
2023-01-06 16:39:50.974 [main] INFO  stepDefinitions.BaseClass - Baseurl is opened
2023-01-06 16:39:52.086 [main] INFO  stepDefinitions.BaseClass - Entered username and password
2023-01-06 16:39:52.185 [main] INFO  stepDefinitions.BaseClass - Clicked Submit
2023-01-06 16:39:52.784 [main] INFO  stepDefinitions.BaseClass - Login Passed with valid credentials
2023-01-06 16:39:52.786 [main] INFO  stepDefinitions.BaseClass - Clicking SignOff
2023-01-06 16:39:53.275 [main] INFO  stepDefinitions.BaseClass - Login Passed with valid credentials
2023-01-06 16:39:53.277 [main] INFO  stepDefinitions.BaseClass - Browser Closed
2023-01-06 16:39:54.419 [main] INFO  stepDefinitions.BaseClass - Browser is launched
2023-01-06 16:39:54.420 [main] INFO  stepDefinitions.BaseClass - Baseurl is opened
2023-01-06 16:39:55.469 [main] INFO  stepDefinitions.BaseClass - Entered username and password
2023-01-06 16:39:55.559 [main] INFO  stepDefinitions.BaseClass - Clicked Submit
2023-01-06 16:39:56.145 [main] INFO  stepDefinitions.BaseClass - Login Passed with valid credentials
2023-01-06 16:39:56.147 [main] INFO  stepDefinitions.BaseClass - Clicking SignOff
2023-01-06 16:39:56.556 [main] INFO  stepDefinitions.BaseClass - Login Passed with valid credentials
2023-01-06 16:39:56.558 [main] INFO  stepDefinitions.BaseClass - Browser Closed
2023-01-06 16:39:57.705 [main] INFO  stepDefinitions.BaseClass - Browser is launched
2023-01-06 16:39:57.705 [main] INFO  stepDefinitions.BaseClass - Baseurl is opened
2023-01-06 16:39:58.827 [main] INFO  stepDefinitions.BaseClass - Entered username and password
2023-01-06 16:39:58.919 [main] INFO  stepDefinitions.BaseClass - Clicked Submit
2023-01-06 16:39:59.463 [main] INFO  stepDefinitions.BaseClass - Login failed with invalid credentials
2023-01-06 16:40:00.591 [main] INFO  stepDefinitions.BaseClass - Browser is launched
2023-01-06 16:40:00.592 [main] INFO  stepDefinitions.BaseClass - Baseurl is opened
2023-01-06 16:40:01.728 [main] INFO  stepDefinitions.BaseClass - Entered username and password
2023-01-06 16:40:01.819 [main] INFO  stepDefinitions.BaseClass - Clicked Submit
2023-01-06 16:40:02.567 [main] INFO  stepDefinitions.BaseClass - Login Passed with valid credentials
2023-01-06 16:40:06.944 [main] INFO  stepDefinitions.BaseClass - Browser Closed
2023-01-06 16:40:08.070 [main] INFO  stepDefinitions.BaseClass - Browser is launched
2023-01-06 16:40:08.071 [main] INFO  stepDefinitions.BaseClass - Baseurl is opened
2023-01-06 16:40:09.423 [main] INFO  stepDefinitions.BaseClass - Login Passed with valid credentials
2023-01-06 16:40:10.335 [main] INFO  stepDefinitions.BaseClass - Clicked Submit
2023-01-06 16:40:10.825 [main] INFO  stepDefinitions.BaseClass - Browser Closed
2023-01-06 16:44:37.619 [main] INFO  stepDefinitions.BaseClass - Browser is launched
2023-01-06 16:44:37.629 [main] INFO  stepDefinitions.BaseClass - Baseurl is opened
2023-01-06 16:44:38.638 [main] INFO  stepDefinitions.BaseClass - Entered username and password
2023-01-06 16:44:38.726 [main] INFO  stepDefinitions.BaseClass - Clicked Submit
2023-01-06 16:44:39.330 [main] INFO  stepDefinitions.BaseClass - Login Passed with valid credentials
2023-01-06 16:44:39.334 [main] INFO  stepDefinitions.BaseClass - Clicking SignOff
2023-01-06 16:44:39.793 [main] INFO  stepDefinitions.BaseClass - Login Passed with valid credentials
2023-01-06 16:44:39.796 [main] INFO  stepDefinitions.BaseClass - Browser Closed
2023-01-06 16:44:40.908 [main] INFO  stepDefinitions.BaseClass - Browser is launched
2023-01-06 16:44:40.909 [main] INFO  stepDefinitions.BaseClass - Baseurl is opened
2023-01-06 16:44:41.883 [main] INFO  stepDefinitions.BaseClass - Entered username and password
2023-01-06 16:44:41.999 [main] INFO  stepDefinitions.BaseClass - Clicked Submit
2023-01-06 16:44:42.541 [main] INFO  stepDefinitions.BaseClass - Login Passed with valid credentials
2023-01-06 16:44:42.545 [main] INFO  stepDefinitions.BaseClass - Clicking SignOff
2023-01-06 16:44:42.985 [main] INFO  stepDefinitions.BaseClass - Login Passed with valid credentials
2023-01-06 16:44:42.987 [main] INFO  stepDefinitions.BaseClass - Browser Closed
2023-01-06 16:44:44.111 [main] INFO  stepDefinitions.BaseClass - Browser is launched
2023-01-06 16:44:44.112 [main] INFO  stepDefinitions.BaseClass - Baseurl is opened
2023-01-06 16:44:45.122 [main] INFO  stepDefinitions.BaseClass - Entered username and password
2023-01-06 16:44:45.209 [main] INFO  stepDefinitions.BaseClass - Clicked Submit
2023-01-06 16:44:45.834 [main] INFO  stepDefinitions.BaseClass - Login Passed with valid credentials
2023-01-06 16:44:45.837 [main] INFO  stepDefinitions.BaseClass - Clicking SignOff
2023-01-06 16:44:46.270 [main] INFO  stepDefinitions.BaseClass - Login Passed with valid credentials
2023-01-06 16:44:46.272 [main] INFO  stepDefinitions.BaseClass - Browser Closed
2023-01-06 16:44:47.397 [main] INFO  stepDefinitions.BaseClass - Browser is launched
2023-01-06 16:44:47.398 [main] INFO  stepDefinitions.BaseClass - Baseurl is opened
2023-01-06 16:44:48.379 [main] INFO  stepDefinitions.BaseClass - Entered username and password
2023-01-06 16:44:48.467 [main] INFO  stepDefinitions.BaseClass - Clicked Submit
2023-01-06 16:44:49.054 [main] INFO  stepDefinitions.BaseClass - Login Passed with valid credentials
2023-01-06 16:44:49.056 [main] INFO  stepDefinitions.BaseClass - Clicking SignOff
2023-01-06 16:44:49.474 [main] INFO  stepDefinitions.BaseClass - Login Passed with valid credentials
2023-01-06 16:44:49.476 [main] INFO  stepDefinitions.BaseClass - Browser Closed
2023-01-06 16:44:50.593 [main] INFO  stepDefinitions.BaseClass - Browser is launched
2023-01-06 16:44:50.594 [main] INFO  stepDefinitions.BaseClass - Baseurl is opened
2023-01-06 16:44:51.698 [main] INFO  stepDefinitions.BaseClass - Entered username and password
2023-01-06 16:44:51.789 [main] INFO  stepDefinitions.BaseClass - Clicked Submit
2023-01-06 16:44:52.305 [main] INFO  stepDefinitions.BaseClass - Login failed with invalid credentials
2023-01-06 16:44:53.430 [main] INFO  stepDefinitions.BaseClass - Browser is launched
2023-01-06 16:44:53.431 [main] INFO  stepDefinitions.BaseClass - Baseurl is opened
2023-01-06 16:44:54.511 [main] INFO  stepDefinitions.BaseClass - Entered username and password
2023-01-06 16:44:54.597 [main] INFO  stepDefinitions.BaseClass - Clicked Submit
2023-01-06 16:44:55.134 [main] INFO  stepDefinitions.BaseClass - Login Passed with valid credentials
2023-01-06 16:44:59.348 [main] INFO  stepDefinitions.BaseClass - Browser Closed
2023-01-06 16:45:00.512 [main] INFO  stepDefinitions.BaseClass - Browser is launched
2023-01-06 16:45:00.512 [main] INFO  stepDefinitions.BaseClass - Baseurl is opened
2023-01-06 16:45:02.060 [main] INFO  stepDefinitions.BaseClass - Login Passed with valid credentials
2023-01-06 16:45:02.987 [main] INFO  stepDefinitions.BaseClass - Clicked Submit
2023-01-06 16:45:03.446 [main] INFO  stepDefinitions.BaseClass - Browser Closed
2023-01-06 16:54:58.994 [main] INFO  stepDefinitions.BaseClass - Browser is launched
2023-01-06 16:54:59.005 [main] INFO  stepDefinitions.BaseClass - Baseurl is opened
2023-01-06 16:55:00.013 [main] INFO  stepDefinitions.BaseClass - Entered username and password
2023-01-06 16:55:00.108 [main] INFO  stepDefinitions.BaseClass - Clicked Submit
2023-01-06 16:55:00.686 [main] INFO  stepDefinitions.BaseClass - Login Passed with valid credentials
2023-01-06 16:55:00.690 [main] INFO  stepDefinitions.BaseClass - Clicking SignOff
2023-01-06 16:55:01.106 [main] INFO  stepDefinitions.BaseClass - Login Passed with valid credentials
2023-01-06 16:55:01.109 [main] INFO  stepDefinitions.BaseClass - Browser Closed
2023-01-06 16:55:02.236 [main] INFO  stepDefinitions.BaseClass - Browser is launched
2023-01-06 16:55:02.237 [main] INFO  stepDefinitions.BaseClass - Baseurl is opened
2023-01-06 16:55:03.186 [main] INFO  stepDefinitions.BaseClass - Entered username and password
2023-01-06 16:55:03.299 [main] INFO  stepDefinitions.BaseClass - Clicked Submit
2023-01-06 16:55:03.805 [main] INFO  stepDefinitions.BaseClass - Login Passed with valid credentials
2023-01-06 16:55:03.808 [main] INFO  stepDefinitions.BaseClass - Clicking SignOff
2023-01-06 16:55:04.287 [main] INFO  stepDefinitions.BaseClass - Login Passed with valid credentials
2023-01-06 16:55:04.290 [main] INFO  stepDefinitions.BaseClass - Browser Closed
2023-01-06 16:55:05.447 [main] INFO  stepDefinitions.BaseClass - Browser is launched
2023-01-06 16:55:05.448 [main] INFO  stepDefinitions.BaseClass - Baseurl is opened
2023-01-06 16:55:06.481 [main] INFO  stepDefinitions.BaseClass - Entered username and password
2023-01-06 16:55:06.597 [main] INFO  stepDefinitions.BaseClass - Clicked Submit
2023-01-06 16:55:07.216 [main] INFO  stepDefinitions.BaseClass - Login Passed with valid credentials
2023-01-06 16:55:07.219 [main] INFO  stepDefinitions.BaseClass - Clicking SignOff
2023-01-06 16:55:07.668 [main] INFO  stepDefinitions.BaseClass - Login Passed with valid credentials
2023-01-06 16:55:07.670 [main] INFO  stepDefinitions.BaseClass - Browser Closed
2023-01-06 16:55:08.840 [main] INFO  stepDefinitions.BaseClass - Browser is launched
2023-01-06 16:55:08.841 [main] INFO  stepDefinitions.BaseClass - Baseurl is opened
2023-01-06 16:55:09.822 [main] INFO  stepDefinitions.BaseClass - Entered username and password
2023-01-06 16:55:09.908 [main] INFO  stepDefinitions.BaseClass - Clicked Submit
2023-01-06 16:55:10.511 [main] INFO  stepDefinitions.BaseClass - Login Passed with valid credentials
2023-01-06 16:55:10.514 [main] INFO  stepDefinitions.BaseClass - Clicking SignOff
2023-01-06 16:55:10.936 [main] INFO  stepDefinitions.BaseClass - Login Passed with valid credentials
2023-01-06 16:55:10.938 [main] INFO  stepDefinitions.BaseClass - Browser Closed
2023-01-06 16:55:12.106 [main] INFO  stepDefinitions.BaseClass - Browser is launched
2023-01-06 16:55:12.107 [main] INFO  stepDefinitions.BaseClass - Baseurl is opened
2023-01-06 16:55:13.073 [main] INFO  stepDefinitions.BaseClass - Entered username and password
2023-01-06 16:55:13.191 [main] INFO  stepDefinitions.BaseClass - Clicked Submit
2023-01-06 16:55:13.696 [main] INFO  stepDefinitions.BaseClass - Login failed with invalid credentials
2023-01-06 16:55:14.823 [main] INFO  stepDefinitions.BaseClass - Browser is launched
2023-01-06 16:55:14.823 [main] INFO  stepDefinitions.BaseClass - Baseurl is opened
2023-01-06 16:55:15.917 [main] INFO  stepDefinitions.BaseClass - Entered username and password
2023-01-06 16:55:16.004 [main] INFO  stepDefinitions.BaseClass - Clicked Submit
2023-01-06 16:55:16.530 [main] INFO  stepDefinitions.BaseClass - Login Passed with valid credentials
2023-01-06 16:55:20.736 [main] INFO  stepDefinitions.BaseClass - Browser Closed
2023-01-06 16:55:21.882 [main] INFO  stepDefinitions.BaseClass - Browser is launched
2023-01-06 16:55:21.883 [main] INFO  stepDefinitions.BaseClass - Baseurl is opened
2023-01-06 16:55:23.249 [main] INFO  stepDefinitions.BaseClass - Login Passed with valid credentials
2023-01-06 16:55:24.057 [main] INFO  stepDefinitions.BaseClass - Clicked Submit
2023-01-06 16:55:24.522 [main] INFO  stepDefinitions.BaseClass - Browser Closed
2023-01-06 17:02:01.443 [main] INFO  stepDefinitions.BaseClass - Browser is launched
2023-01-06 17:02:01.456 [main] INFO  stepDefinitions.BaseClass - Baseurl is opened
2023-01-06 17:02:02.445 [main] INFO  stepDefinitions.BaseClass - Entered username and password
2023-01-06 17:02:02.549 [main] INFO  stepDefinitions.BaseClass - Clicked Submit
2023-01-06 17:02:03.132 [main] INFO  stepDefinitions.BaseClass - Login Passed with valid credentials
2023-01-06 17:02:03.136 [main] INFO  stepDefinitions.BaseClass - Clicking SignOff
2023-01-06 17:02:03.543 [main] INFO  stepDefinitions.BaseClass - Login Passed with valid credentials
2023-01-06 17:02:03.546 [main] INFO  stepDefinitions.BaseClass - Browser Closed
2023-01-06 17:02:04.710 [main] INFO  stepDefinitions.BaseClass - Browser is launched
2023-01-06 17:02:04.711 [main] INFO  stepDefinitions.BaseClass - Baseurl is opened
2023-01-06 17:02:05.744 [main] INFO  stepDefinitions.BaseClass - Entered username and password
2023-01-06 17:02:05.832 [main] INFO  stepDefinitions.BaseClass - Clicked Submit
2023-01-06 17:02:06.334 [main] INFO  stepDefinitions.BaseClass - Login Passed with valid credentials
2023-01-06 17:02:06.338 [main] INFO  stepDefinitions.BaseClass - Clicking SignOff
2023-01-06 17:02:06.752 [main] INFO  stepDefinitions.BaseClass - Login Passed with valid credentials
2023-01-06 17:02:06.755 [main] INFO  stepDefinitions.BaseClass - Browser Closed
2023-01-06 17:02:07.922 [main] INFO  stepDefinitions.BaseClass - Browser is launched
2023-01-06 17:02:07.922 [main] INFO  stepDefinitions.BaseClass - Baseurl is opened
2023-01-06 17:02:08.932 [main] INFO  stepDefinitions.BaseClass - Entered username and password
2023-01-06 17:02:09.050 [main] INFO  stepDefinitions.BaseClass - Clicked Submit
2023-01-06 17:02:09.639 [main] INFO  stepDefinitions.BaseClass - Login Passed with valid credentials
2023-01-06 17:02:09.642 [main] INFO  stepDefinitions.BaseClass - Clicking SignOff
2023-01-06 17:02:10.071 [main] INFO  stepDefinitions.BaseClass - Login Passed with valid credentials
2023-01-06 17:02:10.073 [main] INFO  stepDefinitions.BaseClass - Browser Closed
2023-01-06 17:02:11.188 [main] INFO  stepDefinitions.BaseClass - Browser is launched
2023-01-06 17:02:11.189 [main] INFO  stepDefinitions.BaseClass - Baseurl is opened
2023-01-06 17:02:12.160 [main] INFO  stepDefinitions.BaseClass - Entered username and password
2023-01-06 17:02:12.275 [main] INFO  stepDefinitions.BaseClass - Clicked Submit
2023-01-06 17:02:12.846 [main] INFO  stepDefinitions.BaseClass - Login Passed with valid credentials
2023-01-06 17:02:12.849 [main] INFO  stepDefinitions.BaseClass - Clicking SignOff
2023-01-06 17:02:13.275 [main] INFO  stepDefinitions.BaseClass - Login Passed with valid credentials
2023-01-06 17:02:13.277 [main] INFO  stepDefinitions.BaseClass - Browser Closed
2023-01-06 17:02:14.400 [main] INFO  stepDefinitions.BaseClass - Browser is launched
2023-01-06 17:02:14.401 [main] INFO  stepDefinitions.BaseClass - Baseurl is opened
2023-01-06 17:02:15.344 [main] INFO  stepDefinitions.BaseClass - Entered username and password
2023-01-06 17:02:15.454 [main] INFO  stepDefinitions.BaseClass - Clicked Submit
2023-01-06 17:02:15.941 [main] INFO  stepDefinitions.BaseClass - Login failed with invalid credentials
2023-01-06 17:02:17.099 [main] INFO  stepDefinitions.BaseClass - Browser is launched
2023-01-06 17:02:17.099 [main] INFO  stepDefinitions.BaseClass - Baseurl is opened
2023-01-06 17:02:18.083 [main] INFO  stepDefinitions.BaseClass - Entered username and password
2023-01-06 17:02:18.166 [main] INFO  stepDefinitions.BaseClass - Clicked Submit
2023-01-06 17:02:18.658 [main] INFO  stepDefinitions.BaseClass - Login Passed with valid credentials
2023-01-06 17:02:22.917 [main] INFO  stepDefinitions.BaseClass - Browser Closed
2023-01-06 17:02:24.081 [main] INFO  stepDefinitions.BaseClass - Browser is launched
2023-01-06 17:02:24.081 [main] INFO  stepDefinitions.BaseClass - Baseurl is opened
2023-01-06 17:02:25.484 [main] INFO  stepDefinitions.BaseClass - Login Passed with valid credentials
2023-01-06 17:02:26.369 [main] INFO  stepDefinitions.BaseClass - Clicked Submit
2023-01-06 17:02:26.867 [main] INFO  stepDefinitions.BaseClass - Browser Closed
2023-01-06 17:05:11.543 [main] INFO  stepDefinitions.BaseClass - Browser is launched
2023-01-06 17:05:11.553 [main] INFO  stepDefinitions.BaseClass - Baseurl is opened
2023-01-06 17:05:12.490 [main] INFO  stepDefinitions.BaseClass - Entered username and password
2023-01-06 17:05:12.608 [main] INFO  stepDefinitions.BaseClass - Clicked Submit
2023-01-06 17:05:13.241 [main] INFO  stepDefinitions.BaseClass - Login Passed with valid credentials
2023-01-06 17:05:13.245 [main] INFO  stepDefinitions.BaseClass - Clicking SignOff
2023-01-06 17:05:13.647 [main] INFO  stepDefinitions.BaseClass - Login Passed with valid credentials
2023-01-06 17:05:13.650 [main] INFO  stepDefinitions.BaseClass - Browser Closed
2023-01-06 17:05:14.780 [main] INFO  stepDefinitions.BaseClass - Browser is launched
2023-01-06 17:05:14.780 [main] INFO  stepDefinitions.BaseClass - Baseurl is opened
2023-01-06 17:05:15.791 [main] INFO  stepDefinitions.BaseClass - Entered username and password
2023-01-06 17:05:15.880 [main] INFO  stepDefinitions.BaseClass - Clicked Submit
2023-01-06 17:05:16.409 [main] INFO  stepDefinitions.BaseClass - Login Passed with valid credentials
2023-01-06 17:05:16.413 [main] INFO  stepDefinitions.BaseClass - Clicking SignOff
2023-01-06 17:05:16.887 [main] INFO  stepDefinitions.BaseClass - Login Passed with valid credentials
2023-01-06 17:05:16.889 [main] INFO  stepDefinitions.BaseClass - Browser Closed
2023-01-06 17:05:18.013 [main] INFO  stepDefinitions.BaseClass - Browser is launched
2023-01-06 17:05:18.014 [main] INFO  stepDefinitions.BaseClass - Baseurl is opened
2023-01-06 17:05:18.979 [main] INFO  stepDefinitions.BaseClass - Entered username and password
2023-01-06 17:05:19.067 [main] INFO  stepDefinitions.BaseClass - Clicked Submit
2023-01-06 17:05:19.649 [main] INFO  stepDefinitions.BaseClass - Login Passed with valid credentials
2023-01-06 17:05:19.653 [main] INFO  stepDefinitions.BaseClass - Clicking SignOff
2023-01-06 17:05:20.068 [main] INFO  stepDefinitions.BaseClass - Login Passed with valid credentials
2023-01-06 17:05:20.070 [main] INFO  stepDefinitions.BaseClass - Browser Closed
2023-01-06 17:05:21.214 [main] INFO  stepDefinitions.BaseClass - Browser is launched
2023-01-06 17:05:21.215 [main] INFO  stepDefinitions.BaseClass - Baseurl is opened
2023-01-06 17:05:22.221 [main] INFO  stepDefinitions.BaseClass - Entered username and password
2023-01-06 17:05:22.309 [main] INFO  stepDefinitions.BaseClass - Clicked Submit
2023-01-06 17:05:22.954 [main] INFO  stepDefinitions.BaseClass - Login Passed with valid credentials
2023-01-06 17:05:22.957 [main] INFO  stepDefinitions.BaseClass - Clicking SignOff
2023-01-06 17:05:23.366 [main] INFO  stepDefinitions.BaseClass - Login Passed with valid credentials
2023-01-06 17:05:23.368 [main] INFO  stepDefinitions.BaseClass - Browser Closed
2023-01-06 17:05:24.526 [main] INFO  stepDefinitions.BaseClass - Browser is launched
2023-01-06 17:05:24.527 [main] INFO  stepDefinitions.BaseClass - Baseurl is opened
2023-01-06 17:05:25.622 [main] INFO  stepDefinitions.BaseClass - Entered username and password
2023-01-06 17:05:25.709 [main] INFO  stepDefinitions.BaseClass - Clicked Submit
2023-01-06 17:05:26.214 [main] INFO  stepDefinitions.BaseClass - Login failed with invalid credentials
2023-01-06 17:05:27.359 [main] INFO  stepDefinitions.BaseClass - Browser is launched
2023-01-06 17:05:27.359 [main] INFO  stepDefinitions.BaseClass - Baseurl is opened
2023-01-06 17:05:28.293 [main] INFO  stepDefinitions.BaseClass - Entered username and password
2023-01-06 17:05:28.401 [main] INFO  stepDefinitions.BaseClass - Clicked Submit
2023-01-06 17:05:28.874 [main] INFO  stepDefinitions.BaseClass - Login Passed with valid credentials
2023-01-06 17:05:33.085 [main] INFO  stepDefinitions.BaseClass - Browser Closed
2023-01-06 17:05:34.238 [main] INFO  stepDefinitions.BaseClass - Browser is launched
2023-01-06 17:05:34.239 [main] INFO  stepDefinitions.BaseClass - Baseurl is opened
2023-01-06 17:05:35.769 [main] INFO  stepDefinitions.BaseClass - Login Passed with valid credentials
2023-01-06 17:05:36.716 [main] INFO  stepDefinitions.BaseClass - Clicked Submit
2023-01-06 17:05:37.229 [main] INFO  stepDefinitions.BaseClass - Browser Closed
2023-01-06 17:08:41.170 [main] INFO  stepDefinitions.BaseClass - Browser is launched
2023-01-06 17:08:41.182 [main] INFO  stepDefinitions.BaseClass - Baseurl is opened
2023-01-06 17:08:42.143 [main] INFO  stepDefinitions.BaseClass - Entered username and password
2023-01-06 17:08:42.240 [main] INFO  stepDefinitions.BaseClass - Clicked Submit
2023-01-06 17:08:42.836 [main] INFO  stepDefinitions.BaseClass - Login Passed with valid credentials
2023-01-06 17:08:42.839 [main] INFO  stepDefinitions.BaseClass - Clicking SignOff
2023-01-06 17:08:43.262 [main] INFO  stepDefinitions.BaseClass - Login Passed with valid credentials
2023-01-06 17:08:43.265 [main] INFO  stepDefinitions.BaseClass - Browser Closed
2023-01-06 17:08:44.384 [main] INFO  stepDefinitions.BaseClass - Browser is launched
2023-01-06 17:08:44.385 [main] INFO  stepDefinitions.BaseClass - Baseurl is opened
2023-01-06 17:08:45.438 [main] INFO  stepDefinitions.BaseClass - Entered username and password
2023-01-06 17:08:45.533 [main] INFO  stepDefinitions.BaseClass - Clicked Submit
2023-01-06 17:08:46.050 [main] INFO  stepDefinitions.BaseClass - Login Passed with valid credentials
2023-01-06 17:08:46.054 [main] INFO  stepDefinitions.BaseClass - Clicking SignOff
2023-01-06 17:08:46.503 [main] INFO  stepDefinitions.BaseClass - Login Passed with valid credentials
2023-01-06 17:08:46.506 [main] INFO  stepDefinitions.BaseClass - Browser Closed
2023-01-06 17:08:47.672 [main] INFO  stepDefinitions.BaseClass - Browser is launched
2023-01-06 17:08:47.673 [main] INFO  stepDefinitions.BaseClass - Baseurl is opened
2023-01-06 17:08:48.777 [main] INFO  stepDefinitions.BaseClass - Entered username and password
2023-01-06 17:08:48.866 [main] INFO  stepDefinitions.BaseClass - Clicked Submit
2023-01-06 17:08:49.472 [main] INFO  stepDefinitions.BaseClass - Login Passed with valid credentials
2023-01-06 17:08:49.475 [main] INFO  stepDefinitions.BaseClass - Clicking SignOff
2023-01-06 17:08:49.905 [main] INFO  stepDefinitions.BaseClass - Login Passed with valid credentials
2023-01-06 17:08:49.907 [main] INFO  stepDefinitions.BaseClass - Browser Closed
2023-01-06 17:08:51.026 [main] INFO  stepDefinitions.BaseClass - Browser is launched
2023-01-06 17:08:51.028 [main] INFO  stepDefinitions.BaseClass - Baseurl is opened
2023-01-06 17:08:54.962 [main] INFO  stepDefinitions.BaseClass - Entered username and password
2023-01-06 17:08:55.078 [main] INFO  stepDefinitions.BaseClass - Clicked Submit
2023-01-06 17:08:57.542 [main] INFO  stepDefinitions.BaseClass - Login Passed with valid credentials
2023-01-06 17:08:57.546 [main] INFO  stepDefinitions.BaseClass - Clicking SignOff
2023-01-06 17:08:58.994 [main] INFO  stepDefinitions.BaseClass - Login Passed with valid credentials
2023-01-06 17:08:58.997 [main] INFO  stepDefinitions.BaseClass - Browser Closed
2023-01-06 17:09:00.341 [main] INFO  stepDefinitions.BaseClass - Browser is launched
2023-01-06 17:09:00.341 [main] INFO  stepDefinitions.BaseClass - Baseurl is opened
2023-01-06 17:09:02.264 [main] INFO  stepDefinitions.BaseClass - Entered username and password
2023-01-06 17:09:02.355 [main] INFO  stepDefinitions.BaseClass - Clicked Submit
2023-01-06 17:09:02.974 [main] INFO  stepDefinitions.BaseClass - Login failed with invalid credentials
2023-01-06 17:09:04.113 [main] INFO  stepDefinitions.BaseClass - Browser is launched
2023-01-06 17:09:04.114 [main] INFO  stepDefinitions.BaseClass - Baseurl is opened
2023-01-06 17:09:05.785 [main] INFO  stepDefinitions.BaseClass - Entered username and password
2023-01-06 17:09:05.885 [main] INFO  stepDefinitions.BaseClass - Clicked Submit
2023-01-06 17:09:06.786 [main] INFO  stepDefinitions.BaseClass - Login Passed with valid credentials
2023-01-06 17:09:12.231 [main] INFO  stepDefinitions.BaseClass - Browser Closed
2023-01-06 17:09:13.373 [main] INFO  stepDefinitions.BaseClass - Browser is launched
2023-01-06 17:09:13.373 [main] INFO  stepDefinitions.BaseClass - Baseurl is opened
2023-01-06 17:09:15.811 [main] INFO  stepDefinitions.BaseClass - Login Passed with valid credentials
2023-01-06 17:09:16.736 [main] INFO  stepDefinitions.BaseClass - Clicked Submit
2023-01-06 17:09:17.376 [main] INFO  stepDefinitions.BaseClass - Browser Closed
2023-01-06 17:11:32.315 [main] INFO  stepDefinitions.BaseClass - Browser is launched
2023-01-06 17:11:32.328 [main] INFO  stepDefinitions.BaseClass - Baseurl is opened
2023-01-06 17:11:33.855 [main] INFO  stepDefinitions.BaseClass - Entered username and password
2023-01-06 17:11:33.978 [main] INFO  stepDefinitions.BaseClass - Clicked Submit
2023-01-06 17:11:34.808 [main] INFO  stepDefinitions.BaseClass - Login Passed with valid credentials
2023-01-06 17:11:34.812 [main] INFO  stepDefinitions.BaseClass - Clicking SignOff
2023-01-06 17:11:35.679 [main] INFO  stepDefinitions.BaseClass - Login Passed with valid credentials
2023-01-06 17:11:35.683 [main] INFO  stepDefinitions.BaseClass - Browser Closed
2023-01-06 17:11:36.849 [main] INFO  stepDefinitions.BaseClass - Browser is launched
2023-01-06 17:11:36.850 [main] INFO  stepDefinitions.BaseClass - Baseurl is opened
2023-01-06 17:11:39.350 [main] INFO  stepDefinitions.BaseClass - Entered username and password
2023-01-06 17:11:39.437 [main] INFO  stepDefinitions.BaseClass - Clicked Submit
2023-01-06 17:11:40.069 [main] INFO  stepDefinitions.BaseClass - Login Passed with valid credentials
2023-01-06 17:11:40.072 [main] INFO  stepDefinitions.BaseClass - Clicking SignOff
2023-01-06 17:11:40.712 [main] INFO  stepDefinitions.BaseClass - Login Passed with valid credentials
2023-01-06 17:11:40.715 [main] INFO  stepDefinitions.BaseClass - Browser Closed
2023-01-06 17:11:41.868 [main] INFO  stepDefinitions.BaseClass - Browser is launched
2023-01-06 17:11:41.869 [main] INFO  stepDefinitions.BaseClass - Baseurl is opened
2023-01-06 17:11:43.616 [main] INFO  stepDefinitions.BaseClass - Entered username and password
2023-01-06 17:11:43.711 [main] INFO  stepDefinitions.BaseClass - Clicked Submit
2023-01-06 17:11:44.640 [main] INFO  stepDefinitions.BaseClass - Login Passed with valid credentials
2023-01-06 17:11:44.644 [main] INFO  stepDefinitions.BaseClass - Clicking SignOff
2023-01-06 17:11:45.205 [main] INFO  stepDefinitions.BaseClass - Login Passed with valid credentials
2023-01-06 17:11:45.207 [main] INFO  stepDefinitions.BaseClass - Browser Closed
2023-01-06 17:11:46.339 [main] INFO  stepDefinitions.BaseClass - Browser is launched
2023-01-06 17:11:46.340 [main] INFO  stepDefinitions.BaseClass - Baseurl is opened
2023-01-06 17:11:48.820 [main] INFO  stepDefinitions.BaseClass - Entered username and password
2023-01-06 17:11:48.915 [main] INFO  stepDefinitions.BaseClass - Clicked Submit
2023-01-06 17:11:49.835 [main] INFO  stepDefinitions.BaseClass - Login Passed with valid credentials
2023-01-06 17:11:49.839 [main] INFO  stepDefinitions.BaseClass - Clicking SignOff
2023-01-06 17:11:50.457 [main] INFO  stepDefinitions.BaseClass - Login Passed with valid credentials
2023-01-06 17:11:50.460 [main] INFO  stepDefinitions.BaseClass - Browser Closed
2023-01-06 17:11:51.611 [main] INFO  stepDefinitions.BaseClass - Browser is launched
2023-01-06 17:11:51.612 [main] INFO  stepDefinitions.BaseClass - Baseurl is opened
2023-01-06 17:11:53.224 [main] INFO  stepDefinitions.BaseClass - Entered username and password
2023-01-06 17:11:53.345 [main] INFO  stepDefinitions.BaseClass - Clicked Submit
2023-01-06 17:11:54.123 [main] INFO  stepDefinitions.BaseClass - Login failed with invalid credentials
2023-01-06 17:11:55.273 [main] INFO  stepDefinitions.BaseClass - Browser is launched
2023-01-06 17:11:55.274 [main] INFO  stepDefinitions.BaseClass - Baseurl is opened
2023-01-06 17:11:56.384 [main] INFO  stepDefinitions.BaseClass - Entered username and password
2023-01-06 17:11:56.474 [main] INFO  stepDefinitions.BaseClass - Clicked Submit
2023-01-06 17:11:56.961 [main] INFO  stepDefinitions.BaseClass - Login Passed with valid credentials
2023-01-06 17:12:01.118 [main] INFO  stepDefinitions.BaseClass - Browser Closed
2023-01-06 17:12:02.255 [main] INFO  stepDefinitions.BaseClass - Browser is launched
2023-01-06 17:12:02.255 [main] INFO  stepDefinitions.BaseClass - Baseurl is opened
2023-01-06 17:12:03.775 [main] INFO  stepDefinitions.BaseClass - Login Passed with valid credentials
2023-01-06 17:12:04.676 [main] INFO  stepDefinitions.BaseClass - Clicked Submit
2023-01-06 17:12:05.165 [main] INFO  stepDefinitions.BaseClass - Browser Closed
2023-01-06 17:13:19.894 [main] INFO  stepDefinitions.BaseClass - Browser is launched
2023-01-06 17:13:19.906 [main] INFO  stepDefinitions.BaseClass - Baseurl is opened
2023-01-06 17:13:21.093 [main] INFO  stepDefinitions.BaseClass - Entered username and password
2023-01-06 17:13:21.184 [main] INFO  stepDefinitions.BaseClass - Clicked Submit
2023-01-06 17:13:21.779 [main] INFO  stepDefinitions.BaseClass - Login Passed with valid credentials
2023-01-06 17:13:21.784 [main] INFO  stepDefinitions.BaseClass - Clicking SignOff
2023-01-06 17:13:22.180 [main] INFO  stepDefinitions.BaseClass - Login Passed with valid credentials
2023-01-06 17:13:22.183 [main] INFO  stepDefinitions.BaseClass - Browser Closed
2023-01-06 17:13:23.308 [main] INFO  stepDefinitions.BaseClass - Browser is launched
2023-01-06 17:13:23.309 [main] INFO  stepDefinitions.BaseClass - Baseurl is opened
2023-01-06 17:13:24.347 [main] INFO  stepDefinitions.BaseClass - Entered username and password
2023-01-06 17:13:24.435 [main] INFO  stepDefinitions.BaseClass - Clicked Submit
2023-01-06 17:13:24.954 [main] INFO  stepDefinitions.BaseClass - Login Passed with valid credentials
2023-01-06 17:13:24.957 [main] INFO  stepDefinitions.BaseClass - Clicking SignOff
2023-01-06 17:13:25.409 [main] INFO  stepDefinitions.BaseClass - Login Passed with valid credentials
2023-01-06 17:13:25.411 [main] INFO  stepDefinitions.BaseClass - Browser Closed
2023-01-06 17:13:26.527 [main] INFO  stepDefinitions.BaseClass - Browser is launched
2023-01-06 17:13:26.528 [main] INFO  stepDefinitions.BaseClass - Baseurl is opened
2023-01-06 17:13:27.553 [main] INFO  stepDefinitions.BaseClass - Entered username and password
2023-01-06 17:13:27.639 [main] INFO  stepDefinitions.BaseClass - Clicked Submit
2023-01-06 17:13:28.219 [main] INFO  stepDefinitions.BaseClass - Login Passed with valid credentials
2023-01-06 17:13:28.222 [main] INFO  stepDefinitions.BaseClass - Clicking SignOff
2023-01-06 17:13:28.658 [main] INFO  stepDefinitions.BaseClass - Login Passed with valid credentials
2023-01-06 17:13:28.660 [main] INFO  stepDefinitions.BaseClass - Browser Closed
2023-01-06 17:13:29.807 [main] INFO  stepDefinitions.BaseClass - Browser is launched
2023-01-06 17:13:29.808 [main] INFO  stepDefinitions.BaseClass - Baseurl is opened
2023-01-06 17:13:30.770 [main] INFO  stepDefinitions.BaseClass - Entered username and password
2023-01-06 17:13:30.884 [main] INFO  stepDefinitions.BaseClass - Clicked Submit
2023-01-06 17:13:31.485 [main] INFO  stepDefinitions.BaseClass - Login Passed with valid credentials
2023-01-06 17:13:31.487 [main] INFO  stepDefinitions.BaseClass - Clicking SignOff
2023-01-06 17:13:31.925 [main] INFO  stepDefinitions.BaseClass - Login Passed with valid credentials
2023-01-06 17:13:31.927 [main] INFO  stepDefinitions.BaseClass - Browser Closed
2023-01-06 17:13:33.035 [main] INFO  stepDefinitions.BaseClass - Browser is launched
2023-01-06 17:13:33.036 [main] INFO  stepDefinitions.BaseClass - Baseurl is opened
2023-01-06 17:13:34.154 [main] INFO  stepDefinitions.BaseClass - Entered username and password
2023-01-06 17:13:34.244 [main] INFO  stepDefinitions.BaseClass - Clicked Submit
2023-01-06 17:13:34.733 [main] INFO  stepDefinitions.BaseClass - Login failed with invalid credentials
2023-01-06 17:13:35.852 [main] INFO  stepDefinitions.BaseClass - Browser is launched
2023-01-06 17:13:35.853 [main] INFO  stepDefinitions.BaseClass - Baseurl is opened
2023-01-06 17:13:36.790 [main] INFO  stepDefinitions.BaseClass - Entered username and password
2023-01-06 17:13:36.901 [main] INFO  stepDefinitions.BaseClass - Clicked Submit
2023-01-06 17:13:37.388 [main] INFO  stepDefinitions.BaseClass - Login Passed with valid credentials
2023-01-06 17:13:41.686 [main] INFO  stepDefinitions.BaseClass - Browser Closed
2023-01-06 17:13:42.840 [main] INFO  stepDefinitions.BaseClass - Browser is launched
2023-01-06 17:13:42.840 [main] INFO  stepDefinitions.BaseClass - Baseurl is opened
2023-01-06 17:13:44.378 [main] INFO  stepDefinitions.BaseClass - Login Passed with valid credentials
2023-01-06 17:13:45.198 [main] INFO  stepDefinitions.BaseClass - Clicked Submit
2023-01-06 17:13:45.673 [main] INFO  stepDefinitions.BaseClass - Browser Closed
2023-01-06 17:22:27.130 [main] INFO  stepDefinitions.BaseClass - Browser is launched
2023-01-06 17:22:27.143 [main] INFO  stepDefinitions.BaseClass - Baseurl is opened
2023-01-06 17:22:28.166 [main] INFO  stepDefinitions.BaseClass - Entered username and password
2023-01-06 17:22:28.255 [main] INFO  stepDefinitions.BaseClass - Clicked Submit
2023-01-06 17:22:28.813 [main] INFO  stepDefinitions.BaseClass - Login Passed with valid credentials
2023-01-06 17:22:28.817 [main] INFO  stepDefinitions.BaseClass - Clicking SignOff
2023-01-06 17:22:29.220 [main] INFO  stepDefinitions.BaseClass - Login Passed with valid credentials
2023-01-06 17:22:29.222 [main] INFO  stepDefinitions.BaseClass - Browser Closed
2023-01-06 17:22:30.409 [main] INFO  stepDefinitions.BaseClass - Browser is launched
2023-01-06 17:22:30.409 [main] INFO  stepDefinitions.BaseClass - Baseurl is opened
2023-01-06 17:22:31.369 [main] INFO  stepDefinitions.BaseClass - Entered username and password
2023-01-06 17:22:31.476 [main] INFO  stepDefinitions.BaseClass - Clicked Submit
2023-01-06 17:22:31.972 [main] INFO  stepDefinitions.BaseClass - Login Passed with valid credentials
2023-01-06 17:22:31.976 [main] INFO  stepDefinitions.BaseClass - Clicking SignOff
2023-01-06 17:22:32.370 [main] INFO  stepDefinitions.BaseClass - Login Passed with valid credentials
2023-01-06 17:22:32.372 [main] INFO  stepDefinitions.BaseClass - Browser Closed
2023-01-06 17:22:33.524 [main] INFO  stepDefinitions.BaseClass - Browser is launched
2023-01-06 17:22:33.525 [main] INFO  stepDefinitions.BaseClass - Baseurl is opened
2023-01-06 17:22:34.540 [main] INFO  stepDefinitions.BaseClass - Entered username and password
2023-01-06 17:22:34.656 [main] INFO  stepDefinitions.BaseClass - Clicked Submit
2023-01-06 17:22:35.225 [main] INFO  stepDefinitions.BaseClass - Login Passed with valid credentials
2023-01-06 17:22:35.228 [main] INFO  stepDefinitions.BaseClass - Clicking SignOff
2023-01-06 17:22:35.648 [main] INFO  stepDefinitions.BaseClass - Login Passed with valid credentials
2023-01-06 17:22:35.650 [main] INFO  stepDefinitions.BaseClass - Browser Closed
2023-01-06 17:22:36.811 [main] INFO  stepDefinitions.BaseClass - Browser is launched
2023-01-06 17:22:36.812 [main] INFO  stepDefinitions.BaseClass - Baseurl is opened
2023-01-06 17:22:37.847 [main] INFO  stepDefinitions.BaseClass - Entered username and password
2023-01-06 17:22:37.934 [main] INFO  stepDefinitions.BaseClass - Clicked Submit
2023-01-06 17:22:38.552 [main] INFO  stepDefinitions.BaseClass - Login Passed with valid credentials
2023-01-06 17:22:38.555 [main] INFO  stepDefinitions.BaseClass - Clicking SignOff
2023-01-06 17:22:38.952 [main] INFO  stepDefinitions.BaseClass - Login Passed with valid credentials
2023-01-06 17:22:38.954 [main] INFO  stepDefinitions.BaseClass - Browser Closed
2023-01-06 17:22:40.073 [main] INFO  stepDefinitions.BaseClass - Browser is launched
2023-01-06 17:22:40.074 [main] INFO  stepDefinitions.BaseClass - Baseurl is opened
2023-01-06 17:22:41.054 [main] INFO  stepDefinitions.BaseClass - Entered username and password
2023-01-06 17:22:41.169 [main] INFO  stepDefinitions.BaseClass - Clicked Submit
2023-01-06 17:22:41.667 [main] INFO  stepDefinitions.BaseClass - Login failed with invalid credentials
2023-01-06 17:22:42.819 [main] INFO  stepDefinitions.BaseClass - Browser is launched
2023-01-06 17:22:42.820 [main] INFO  stepDefinitions.BaseClass - Baseurl is opened
2023-01-06 17:22:43.802 [main] INFO  stepDefinitions.BaseClass - Entered username and password
2023-01-06 17:22:43.888 [main] INFO  stepDefinitions.BaseClass - Clicked Submit
2023-01-06 17:22:44.381 [main] INFO  stepDefinitions.BaseClass - Login Passed with valid credentials
2023-01-06 17:22:48.677 [main] INFO  stepDefinitions.BaseClass - Browser Closed
2023-01-06 17:22:49.836 [main] INFO  stepDefinitions.BaseClass - Browser is launched
2023-01-06 17:22:49.836 [main] INFO  stepDefinitions.BaseClass - Baseurl is opened
2023-01-06 17:22:51.369 [main] INFO  stepDefinitions.BaseClass - Login Passed with valid credentials
2023-01-06 17:22:52.299 [main] INFO  stepDefinitions.BaseClass - Clicked Submit
2023-01-06 17:22:52.801 [main] INFO  stepDefinitions.BaseClass - Browser Closed
2023-01-06 17:24:54.501 [main] INFO  stepDefinitions.BaseClass - Browser is launched
2023-01-06 17:24:54.514 [main] INFO  stepDefinitions.BaseClass - Baseurl is opened
2023-01-06 17:24:57.493 [main] INFO  stepDefinitions.BaseClass - Entered username and password
2023-01-06 17:24:57.586 [main] INFO  stepDefinitions.BaseClass - Clicked Submit
2023-01-06 17:24:58.157 [main] INFO  stepDefinitions.BaseClass - Login Passed with valid credentials
2023-01-06 17:24:58.161 [main] INFO  stepDefinitions.BaseClass - Clicking SignOff
2023-01-06 17:24:58.565 [main] INFO  stepDefinitions.BaseClass - Login Passed with valid credentials
2023-01-06 17:24:58.567 [main] INFO  stepDefinitions.BaseClass - Browser Closed
2023-01-06 17:24:59.698 [main] INFO  stepDefinitions.BaseClass - Browser is launched
2023-01-06 17:24:59.698 [main] INFO  stepDefinitions.BaseClass - Baseurl is opened
2023-01-06 17:25:00.811 [main] INFO  stepDefinitions.BaseClass - Entered username and password
2023-01-06 17:25:00.897 [main] INFO  stepDefinitions.BaseClass - Clicked Submit
2023-01-06 17:25:01.424 [main] INFO  stepDefinitions.BaseClass - Login Passed with valid credentials
2023-01-06 17:25:01.427 [main] INFO  stepDefinitions.BaseClass - Clicking SignOff
2023-01-06 17:25:01.955 [main] INFO  stepDefinitions.BaseClass - Login Passed with valid credentials
2023-01-06 17:25:01.957 [main] INFO  stepDefinitions.BaseClass - Browser Closed
2023-01-06 17:25:03.089 [main] INFO  stepDefinitions.BaseClass - Browser is launched
2023-01-06 17:25:03.090 [main] INFO  stepDefinitions.BaseClass - Baseurl is opened
2023-01-06 17:25:04.050 [main] INFO  stepDefinitions.BaseClass - Entered username and password
2023-01-06 17:25:04.164 [main] INFO  stepDefinitions.BaseClass - Clicked Submit
2023-01-06 17:25:04.734 [main] INFO  stepDefinitions.BaseClass - Login Passed with valid credentials
2023-01-06 17:25:04.737 [main] INFO  stepDefinitions.BaseClass - Clicking SignOff
2023-01-06 17:25:05.129 [main] INFO  stepDefinitions.BaseClass - Login Passed with valid credentials
2023-01-06 17:25:05.131 [main] INFO  stepDefinitions.BaseClass - Browser Closed
2023-01-06 17:25:06.271 [main] INFO  stepDefinitions.BaseClass - Browser is launched
2023-01-06 17:25:06.273 [main] INFO  stepDefinitions.BaseClass - Baseurl is opened
2023-01-06 17:25:07.235 [main] INFO  stepDefinitions.BaseClass - Entered username and password
2023-01-06 17:25:07.327 [main] INFO  stepDefinitions.BaseClass - Clicked Submit
2023-01-06 17:25:07.890 [main] INFO  stepDefinitions.BaseClass - Login Passed with valid credentials
2023-01-06 17:25:07.893 [main] INFO  stepDefinitions.BaseClass - Clicking SignOff
2023-01-06 17:25:08.288 [main] INFO  stepDefinitions.BaseClass - Login Passed with valid credentials
2023-01-06 17:25:08.290 [main] INFO  stepDefinitions.BaseClass - Browser Closed
2023-01-06 17:25:09.432 [main] INFO  stepDefinitions.BaseClass - Browser is launched
2023-01-06 17:25:09.433 [main] INFO  stepDefinitions.BaseClass - Baseurl is opened
2023-01-06 17:25:10.576 [main] INFO  stepDefinitions.BaseClass - Entered username and password
2023-01-06 17:25:10.664 [main] INFO  stepDefinitions.BaseClass - Clicked Submit
2023-01-06 17:25:11.158 [main] INFO  stepDefinitions.BaseClass - Login failed with invalid credentials
2023-01-06 17:25:12.311 [main] INFO  stepDefinitions.BaseClass - Browser is launched
2023-01-06 17:25:12.312 [main] INFO  stepDefinitions.BaseClass - Baseurl is opened
2023-01-06 17:25:13.260 [main] INFO  stepDefinitions.BaseClass - Entered username and password
2023-01-06 17:25:13.345 [main] INFO  stepDefinitions.BaseClass - Clicked Submit
2023-01-06 17:25:13.838 [main] INFO  stepDefinitions.BaseClass - Login Passed with valid credentials
2023-01-06 17:25:17.986 [main] INFO  stepDefinitions.BaseClass - Browser Closed
2023-01-06 17:25:19.114 [main] INFO  stepDefinitions.BaseClass - Browser is launched
2023-01-06 17:25:19.115 [main] INFO  stepDefinitions.BaseClass - Baseurl is opened
2023-01-06 17:25:20.622 [main] INFO  stepDefinitions.BaseClass - Login Passed with valid credentials
2023-01-06 17:25:21.505 [main] INFO  stepDefinitions.BaseClass - Clicked Submit
2023-01-06 17:25:22.006 [main] INFO  stepDefinitions.BaseClass - Browser Closed
2023-01-06 17:29:33.136 [main] INFO  stepDefinitions.BaseClass - Browser is launched
2023-01-06 17:29:33.147 [main] INFO  stepDefinitions.BaseClass - Baseurl is opened
2023-01-06 17:29:34.142 [main] INFO  stepDefinitions.BaseClass - Entered username and password
2023-01-06 17:29:34.231 [main] INFO  stepDefinitions.BaseClass - Clicked Submit
2023-01-06 17:29:34.812 [main] INFO  stepDefinitions.BaseClass - Login Passed with valid credentials
2023-01-06 17:29:34.816 [main] INFO  stepDefinitions.BaseClass - Clicking SignOff
2023-01-06 17:29:35.225 [main] INFO  stepDefinitions.BaseClass - Login Passed with valid credentials
2023-01-06 17:29:35.228 [main] INFO  stepDefinitions.BaseClass - Browser Closed
2023-01-06 17:29:36.390 [main] INFO  stepDefinitions.BaseClass - Browser is launched
2023-01-06 17:29:36.391 [main] INFO  stepDefinitions.BaseClass - Baseurl is opened
2023-01-06 17:29:37.356 [main] INFO  stepDefinitions.BaseClass - Entered username and password
2023-01-06 17:29:37.469 [main] INFO  stepDefinitions.BaseClass - Clicked Submit
2023-01-06 17:29:37.963 [main] INFO  stepDefinitions.BaseClass - Login Passed with valid credentials
2023-01-06 17:29:37.966 [main] INFO  stepDefinitions.BaseClass - Clicking SignOff
2023-01-06 17:29:38.367 [main] INFO  stepDefinitions.BaseClass - Login Passed with valid credentials
2023-01-06 17:29:38.370 [main] INFO  stepDefinitions.BaseClass - Browser Closed
2023-01-06 17:29:39.491 [main] INFO  stepDefinitions.BaseClass - Browser is launched
2023-01-06 17:29:39.491 [main] INFO  stepDefinitions.BaseClass - Baseurl is opened
2023-01-06 17:29:40.437 [main] INFO  stepDefinitions.BaseClass - Entered username and password
2023-01-06 17:29:40.549 [main] INFO  stepDefinitions.BaseClass - Clicked Submit
2023-01-06 17:29:41.125 [main] INFO  stepDefinitions.BaseClass - Login Passed with valid credentials
2023-01-06 17:29:41.129 [main] INFO  stepDefinitions.BaseClass - Clicking SignOff
2023-01-06 17:29:41.547 [main] INFO  stepDefinitions.BaseClass - Login Passed with valid credentials
2023-01-06 17:29:41.549 [main] INFO  stepDefinitions.BaseClass - Browser Closed
2023-01-06 17:29:42.680 [main] INFO  stepDefinitions.BaseClass - Browser is launched
2023-01-06 17:29:42.681 [main] INFO  stepDefinitions.BaseClass - Baseurl is opened
2023-01-06 17:29:43.648 [main] INFO  stepDefinitions.BaseClass - Entered username and password
2023-01-06 17:29:43.736 [main] INFO  stepDefinitions.BaseClass - Clicked Submit
2023-01-06 17:29:44.307 [main] INFO  stepDefinitions.BaseClass - Login Passed with valid credentials
2023-01-06 17:29:44.310 [main] INFO  stepDefinitions.BaseClass - Clicking SignOff
2023-01-06 17:29:44.721 [main] INFO  stepDefinitions.BaseClass - Login Passed with valid credentials
2023-01-06 17:29:44.723 [main] INFO  stepDefinitions.BaseClass - Browser Closed
2023-01-06 17:29:45.854 [main] INFO  stepDefinitions.BaseClass - Browser is launched
2023-01-06 17:29:45.854 [main] INFO  stepDefinitions.BaseClass - Baseurl is opened
2023-01-06 17:29:46.816 [main] INFO  stepDefinitions.BaseClass - Entered username and password
2023-01-06 17:29:46.905 [main] INFO  stepDefinitions.BaseClass - Clicked Submit
2023-01-06 17:29:47.462 [main] INFO  stepDefinitions.BaseClass - Login failed with invalid credentials
2023-01-06 17:29:48.586 [main] INFO  stepDefinitions.BaseClass - Browser is launched
2023-01-06 17:29:48.586 [main] INFO  stepDefinitions.BaseClass - Baseurl is opened
2023-01-06 17:29:49.594 [main] INFO  stepDefinitions.BaseClass - Entered username and password
2023-01-06 17:29:49.683 [main] INFO  stepDefinitions.BaseClass - Clicked Submit
2023-01-06 17:29:50.185 [main] INFO  stepDefinitions.BaseClass - Login Passed with valid credentials
2023-01-06 17:29:54.402 [main] INFO  stepDefinitions.BaseClass - Browser Closed
2023-01-06 17:29:55.581 [main] INFO  stepDefinitions.BaseClass - Browser is launched
2023-01-06 17:29:55.581 [main] INFO  stepDefinitions.BaseClass - Baseurl is opened
2023-01-06 17:29:56.966 [main] INFO  stepDefinitions.BaseClass - Login Passed with valid credentials
2023-01-06 17:29:57.787 [main] INFO  stepDefinitions.BaseClass - Clicked Submit
2023-01-06 17:29:58.267 [main] INFO  stepDefinitions.BaseClass - Browser Closed
2023-01-06 17:43:39.932 [main] INFO  stepDefinitions.BaseClass - Browser is launched
2023-01-06 17:43:39.944 [main] INFO  stepDefinitions.BaseClass - Baseurl is opened
2023-01-06 17:43:40.978 [main] INFO  stepDefinitions.BaseClass - Entered username and password
2023-01-06 17:43:41.099 [main] INFO  stepDefinitions.BaseClass - Clicked Submit
2023-01-06 17:43:41.722 [main] INFO  stepDefinitions.BaseClass - Login Passed with valid credentials
2023-01-06 17:43:41.727 [main] INFO  stepDefinitions.BaseClass - Clicking SignOff
2023-01-06 17:43:42.165 [main] INFO  stepDefinitions.BaseClass - Login Passed with valid credentials
2023-01-06 17:43:42.168 [main] INFO  stepDefinitions.BaseClass - Browser Closed
2023-01-06 17:43:43.317 [main] INFO  stepDefinitions.BaseClass - Browser is launched
2023-01-06 17:43:43.318 [main] INFO  stepDefinitions.BaseClass - Baseurl is opened
2023-01-06 17:43:44.325 [main] INFO  stepDefinitions.BaseClass - Entered username and password
2023-01-06 17:43:44.440 [main] INFO  stepDefinitions.BaseClass - Clicked Submit
2023-01-06 17:43:45.045 [main] INFO  stepDefinitions.BaseClass - Login Passed with valid credentials
2023-01-06 17:43:45.049 [main] INFO  stepDefinitions.BaseClass - Clicking SignOff
2023-01-06 17:43:45.493 [main] INFO  stepDefinitions.BaseClass - Login Passed with valid credentials
2023-01-06 17:43:45.495 [main] INFO  stepDefinitions.BaseClass - Browser Closed
2023-01-06 17:43:46.617 [main] INFO  stepDefinitions.BaseClass - Browser is launched
2023-01-06 17:43:46.618 [main] INFO  stepDefinitions.BaseClass - Baseurl is opened
2023-01-06 17:43:47.548 [main] INFO  stepDefinitions.BaseClass - Entered username and password
2023-01-06 17:43:47.656 [main] INFO  stepDefinitions.BaseClass - Clicked Submit
2023-01-06 17:43:48.266 [main] INFO  stepDefinitions.BaseClass - Login Passed with valid credentials
2023-01-06 17:43:48.269 [main] INFO  stepDefinitions.BaseClass - Clicking SignOff
2023-01-06 17:43:48.692 [main] INFO  stepDefinitions.BaseClass - Login Passed with valid credentials
2023-01-06 17:43:48.696 [main] INFO  stepDefinitions.BaseClass - Browser Closed
2023-01-06 17:43:49.846 [main] INFO  stepDefinitions.BaseClass - Browser is launched
2023-01-06 17:43:49.847 [main] INFO  stepDefinitions.BaseClass - Baseurl is opened
2023-01-06 17:43:50.826 [main] INFO  stepDefinitions.BaseClass - Entered username and password
2023-01-06 17:43:50.930 [main] INFO  stepDefinitions.BaseClass - Clicked Submit
2023-01-06 17:43:51.478 [main] INFO  stepDefinitions.BaseClass - Login Passed with valid credentials
2023-01-06 17:43:51.481 [main] INFO  stepDefinitions.BaseClass - Clicking SignOff
2023-01-06 17:43:51.878 [main] INFO  stepDefinitions.BaseClass - Login Passed with valid credentials
2023-01-06 17:43:51.880 [main] INFO  stepDefinitions.BaseClass - Browser Closed
2023-01-06 17:43:52.996 [main] INFO  stepDefinitions.BaseClass - Browser is launched
2023-01-06 17:43:52.997 [main] INFO  stepDefinitions.BaseClass - Baseurl is opened
2023-01-06 17:43:54.014 [main] INFO  stepDefinitions.BaseClass - Entered username and password
2023-01-06 17:43:54.130 [main] INFO  stepDefinitions.BaseClass - Clicked Submit
2023-01-06 17:43:54.662 [main] INFO  stepDefinitions.BaseClass - Login failed with invalid credentials
2023-01-06 17:43:55.815 [main] INFO  stepDefinitions.BaseClass - Browser is launched
2023-01-06 17:43:55.816 [main] INFO  stepDefinitions.BaseClass - Baseurl is opened
2023-01-06 17:43:56.763 [main] INFO  stepDefinitions.BaseClass - Entered username and password
2023-01-06 17:43:56.849 [main] INFO  stepDefinitions.BaseClass - Clicked Submit
2023-01-06 17:43:57.405 [main] INFO  stepDefinitions.BaseClass - Login Passed with valid credentials
2023-01-06 17:44:01.625 [main] INFO  stepDefinitions.BaseClass - Browser Closed
2023-01-06 17:44:02.779 [main] INFO  stepDefinitions.BaseClass - Browser is launched
2023-01-06 17:44:02.780 [main] INFO  stepDefinitions.BaseClass - Baseurl is opened
2023-01-06 17:44:04.253 [main] INFO  stepDefinitions.BaseClass - Login Passed with valid credentials
2023-01-06 17:44:05.160 [main] INFO  stepDefinitions.BaseClass - Clicked Submit
2023-01-06 17:44:06.336 [main] INFO  stepDefinitions.BaseClass - Browser Closed
2023-01-06 17:45:23.813 [main] INFO  stepDefinitions.BaseClass - Browser is launched
2023-01-06 17:45:23.824 [main] INFO  stepDefinitions.BaseClass - Baseurl is opened
2023-01-06 17:45:24.805 [main] INFO  stepDefinitions.BaseClass - Entered username and password
2023-01-06 17:45:24.895 [main] INFO  stepDefinitions.BaseClass - Clicked Submit
2023-01-06 17:45:25.548 [main] INFO  stepDefinitions.BaseClass - Login Passed with valid credentials
2023-01-06 17:45:25.552 [main] INFO  stepDefinitions.BaseClass - Clicking SignOff
2023-01-06 17:45:25.961 [main] INFO  stepDefinitions.BaseClass - Login Passed with valid credentials
2023-01-06 17:45:25.963 [main] INFO  stepDefinitions.BaseClass - Browser Closed
2023-01-06 17:45:27.102 [main] INFO  stepDefinitions.BaseClass - Browser is launched
2023-01-06 17:45:27.103 [main] INFO  stepDefinitions.BaseClass - Baseurl is opened
2023-01-06 17:45:28.089 [main] INFO  stepDefinitions.BaseClass - Entered username and password
2023-01-06 17:45:28.207 [main] INFO  stepDefinitions.BaseClass - Clicked Submit
2023-01-06 17:45:28.717 [main] INFO  stepDefinitions.BaseClass - Login Passed with valid credentials
2023-01-06 17:45:28.720 [main] INFO  stepDefinitions.BaseClass - Clicking SignOff
2023-01-06 17:45:29.134 [main] INFO  stepDefinitions.BaseClass - Login Passed with valid credentials
2023-01-06 17:45:29.137 [main] INFO  stepDefinitions.BaseClass - Browser Closed
2023-01-06 17:45:30.279 [main] INFO  stepDefinitions.BaseClass - Browser is launched
2023-01-06 17:45:30.280 [main] INFO  stepDefinitions.BaseClass - Baseurl is opened
2023-01-06 17:45:31.220 [main] INFO  stepDefinitions.BaseClass - Entered username and password
2023-01-06 17:45:31.334 [main] INFO  stepDefinitions.BaseClass - Clicked Submit
2023-01-06 17:45:31.904 [main] INFO  stepDefinitions.BaseClass - Login Passed with valid credentials
2023-01-06 17:45:31.907 [main] INFO  stepDefinitions.BaseClass - Clicking SignOff
2023-01-06 17:45:32.305 [main] INFO  stepDefinitions.BaseClass - Login Passed with valid credentials
2023-01-06 17:45:32.307 [main] INFO  stepDefinitions.BaseClass - Browser Closed
2023-01-06 17:45:33.463 [main] INFO  stepDefinitions.BaseClass - Browser is launched
2023-01-06 17:45:33.464 [main] INFO  stepDefinitions.BaseClass - Baseurl is opened
2023-01-06 17:45:34.488 [main] INFO  stepDefinitions.BaseClass - Entered username and password
2023-01-06 17:45:34.575 [main] INFO  stepDefinitions.BaseClass - Clicked Submit
2023-01-06 17:45:35.181 [main] INFO  stepDefinitions.BaseClass - Login Passed with valid credentials
2023-01-06 17:45:35.184 [main] INFO  stepDefinitions.BaseClass - Clicking SignOff
2023-01-06 17:45:35.630 [main] INFO  stepDefinitions.BaseClass - Login Passed with valid credentials
2023-01-06 17:45:35.632 [main] INFO  stepDefinitions.BaseClass - Browser Closed
2023-01-06 17:45:36.792 [main] INFO  stepDefinitions.BaseClass - Browser is launched
2023-01-06 17:45:36.792 [main] INFO  stepDefinitions.BaseClass - Baseurl is opened
2023-01-06 17:45:37.816 [main] INFO  stepDefinitions.BaseClass - Entered username and password
2023-01-06 17:45:37.900 [main] INFO  stepDefinitions.BaseClass - Clicked Submit
2023-01-06 17:45:38.398 [main] INFO  stepDefinitions.BaseClass - Login failed with invalid credentials
2023-01-06 17:45:39.524 [main] INFO  stepDefinitions.BaseClass - Browser is launched
2023-01-06 17:45:39.525 [main] INFO  stepDefinitions.BaseClass - Baseurl is opened
2023-01-06 17:45:40.471 [main] INFO  stepDefinitions.BaseClass - Entered username and password
2023-01-06 17:45:40.557 [main] INFO  stepDefinitions.BaseClass - Clicked Submit
2023-01-06 17:45:41.095 [main] INFO  stepDefinitions.BaseClass - Login Passed with valid credentials
2023-01-06 17:45:45.269 [main] INFO  stepDefinitions.BaseClass - Browser Closed
2023-01-06 17:45:46.429 [main] INFO  stepDefinitions.BaseClass - Browser is launched
2023-01-06 17:45:46.430 [main] INFO  stepDefinitions.BaseClass - Baseurl is opened
2023-01-06 17:45:47.841 [main] INFO  stepDefinitions.BaseClass - Login Passed with valid credentials
2023-01-06 17:45:48.677 [main] INFO  stepDefinitions.BaseClass - Clicked Submit
2023-01-06 17:45:49.155 [main] INFO  stepDefinitions.BaseClass - Browser Closed
2023-01-06 17:47:12.912 [main] INFO  stepDefinitions.BaseClass - Browser is launched
2023-01-06 17:47:12.922 [main] INFO  stepDefinitions.BaseClass - Baseurl is opened
2023-01-06 17:47:13.814 [main] INFO  stepDefinitions.BaseClass - Entered username and password
2023-01-06 17:47:13.925 [main] INFO  stepDefinitions.BaseClass - Clicked Submit
2023-01-06 17:47:14.499 [main] INFO  stepDefinitions.BaseClass - Login Passed with valid credentials
2023-01-06 17:47:14.503 [main] INFO  stepDefinitions.BaseClass - Clicking SignOff
2023-01-06 17:47:14.976 [main] INFO  stepDefinitions.BaseClass - Login Passed with valid credentials
2023-01-06 17:47:14.980 [main] INFO  stepDefinitions.BaseClass - Browser Closed
2023-01-06 17:47:16.149 [main] INFO  stepDefinitions.BaseClass - Browser is launched
2023-01-06 17:47:16.149 [main] INFO  stepDefinitions.BaseClass - Baseurl is opened
2023-01-06 17:47:17.128 [main] INFO  stepDefinitions.BaseClass - Entered username and password
2023-01-06 17:47:17.215 [main] INFO  stepDefinitions.BaseClass - Clicked Submit
2023-01-06 17:47:17.714 [main] INFO  stepDefinitions.BaseClass - Login Passed with valid credentials
2023-01-06 17:47:17.717 [main] INFO  stepDefinitions.BaseClass - Clicking SignOff
2023-01-06 17:47:18.126 [main] INFO  stepDefinitions.BaseClass - Login Passed with valid credentials
2023-01-06 17:47:18.128 [main] INFO  stepDefinitions.BaseClass - Browser Closed
2023-01-06 17:47:19.256 [main] INFO  stepDefinitions.BaseClass - Browser is launched
2023-01-06 17:47:19.257 [main] INFO  stepDefinitions.BaseClass - Baseurl is opened
2023-01-06 17:47:20.225 [main] INFO  stepDefinitions.BaseClass - Entered username and password
2023-01-06 17:47:20.310 [main] INFO  stepDefinitions.BaseClass - Clicked Submit
2023-01-06 17:47:20.883 [main] INFO  stepDefinitions.BaseClass - Login Passed with valid credentials
2023-01-06 17:47:20.886 [main] INFO  stepDefinitions.BaseClass - Clicking SignOff
2023-01-06 17:47:21.296 [main] INFO  stepDefinitions.BaseClass - Login Passed with valid credentials
2023-01-06 17:47:21.298 [main] INFO  stepDefinitions.BaseClass - Browser Closed
2023-01-06 17:47:22.420 [main] INFO  stepDefinitions.BaseClass - Browser is launched
2023-01-06 17:47:22.421 [main] INFO  stepDefinitions.BaseClass - Baseurl is opened
2023-01-06 17:47:23.384 [main] INFO  stepDefinitions.BaseClass - Entered username and password
2023-01-06 17:47:23.474 [main] INFO  stepDefinitions.BaseClass - Clicked Submit
2023-01-06 17:47:24.025 [main] INFO  stepDefinitions.BaseClass - Login Passed with valid credentials
2023-01-06 17:47:24.027 [main] INFO  stepDefinitions.BaseClass - Clicking SignOff
2023-01-06 17:47:24.420 [main] INFO  stepDefinitions.BaseClass - Login Passed with valid credentials
2023-01-06 17:47:24.422 [main] INFO  stepDefinitions.BaseClass - Browser Closed
2023-01-06 17:47:25.539 [main] INFO  stepDefinitions.BaseClass - Browser is launched
2023-01-06 17:47:25.540 [main] INFO  stepDefinitions.BaseClass - Baseurl is opened
2023-01-06 17:47:26.683 [main] INFO  stepDefinitions.BaseClass - Entered username and password
2023-01-06 17:47:26.768 [main] INFO  stepDefinitions.BaseClass - Clicked Submit
2023-01-06 17:47:27.289 [main] INFO  stepDefinitions.BaseClass - Login failed with invalid credentials
2023-01-06 17:47:28.427 [main] INFO  stepDefinitions.BaseClass - Browser is launched
2023-01-06 17:47:28.428 [main] INFO  stepDefinitions.BaseClass - Baseurl is opened
2023-01-06 17:47:29.570 [main] INFO  stepDefinitions.BaseClass - Entered username and password
2023-01-06 17:47:29.658 [main] INFO  stepDefinitions.BaseClass - Clicked Submit
2023-01-06 17:47:30.197 [main] INFO  stepDefinitions.BaseClass - Login Passed with valid credentials
2023-01-06 17:47:34.551 [main] INFO  stepDefinitions.BaseClass - Browser Closed
2023-01-06 17:47:35.738 [main] INFO  stepDefinitions.BaseClass - Browser is launched
2023-01-06 17:47:35.739 [main] INFO  stepDefinitions.BaseClass - Baseurl is opened
2023-01-06 17:47:37.170 [main] INFO  stepDefinitions.BaseClass - Login Passed with valid credentials
2023-01-06 17:47:38.094 [main] INFO  stepDefinitions.BaseClass - Clicked Submit
2023-01-06 17:47:38.566 [main] INFO  stepDefinitions.BaseClass - Browser Closed
2023-01-06 18:09:39.659 [main] INFO  stepDefinitions.BaseClass - Browser is launched
2023-01-06 18:09:39.670 [main] INFO  stepDefinitions.BaseClass - Baseurl is opened
2023-01-06 18:09:40.664 [main] INFO  stepDefinitions.BaseClass - Entered username and password
2023-01-06 18:09:40.784 [main] INFO  stepDefinitions.BaseClass - Clicked Submit
2023-01-06 18:09:41.367 [main] INFO  stepDefinitions.BaseClass - Login Passed with valid credentials
2023-01-06 18:09:41.372 [main] INFO  stepDefinitions.BaseClass - Clicking SignOff
2023-01-06 18:09:41.810 [main] INFO  stepDefinitions.BaseClass - Login Passed with valid credentials
2023-01-06 18:09:41.813 [main] INFO  stepDefinitions.BaseClass - Browser Closed
2023-01-06 18:09:42.974 [main] INFO  stepDefinitions.BaseClass - Browser is launched
2023-01-06 18:09:42.975 [main] INFO  stepDefinitions.BaseClass - Baseurl is opened
2023-01-06 18:09:43.962 [main] INFO  stepDefinitions.BaseClass - Entered username and password
2023-01-06 18:09:44.078 [main] INFO  stepDefinitions.BaseClass - Clicked Submit
2023-01-06 18:09:44.585 [main] INFO  stepDefinitions.BaseClass - Login Passed with valid credentials
2023-01-06 18:09:44.592 [main] INFO  stepDefinitions.BaseClass - Clicking SignOff
2023-01-06 18:09:45.022 [main] INFO  stepDefinitions.BaseClass - Login Passed with valid credentials
2023-01-06 18:09:45.026 [main] INFO  stepDefinitions.BaseClass - Browser Closed
2023-01-06 18:09:46.243 [main] INFO  stepDefinitions.BaseClass - Browser is launched
2023-01-06 18:09:46.244 [main] INFO  stepDefinitions.BaseClass - Baseurl is opened
2023-01-06 18:09:47.170 [main] INFO  stepDefinitions.BaseClass - Entered username and password
2023-01-06 18:09:47.278 [main] INFO  stepDefinitions.BaseClass - Clicked Submit
2023-01-06 18:09:47.888 [main] INFO  stepDefinitions.BaseClass - Login Passed with valid credentials
2023-01-06 18:09:47.891 [main] INFO  stepDefinitions.BaseClass - Clicking SignOff
2023-01-06 18:09:48.310 [main] INFO  stepDefinitions.BaseClass - Login Passed with valid credentials
2023-01-06 18:09:48.312 [main] INFO  stepDefinitions.BaseClass - Browser Closed
2023-01-06 18:09:49.437 [main] INFO  stepDefinitions.BaseClass - Browser is launched
2023-01-06 18:09:49.438 [main] INFO  stepDefinitions.BaseClass - Baseurl is opened
2023-01-06 18:09:50.439 [main] INFO  stepDefinitions.BaseClass - Entered username and password
2023-01-06 18:09:50.532 [main] INFO  stepDefinitions.BaseClass - Clicked Submit
2023-01-06 18:09:51.091 [main] INFO  stepDefinitions.BaseClass - Login Passed with valid credentials
2023-01-06 18:09:51.093 [main] INFO  stepDefinitions.BaseClass - Clicking SignOff
2023-01-06 18:09:51.494 [main] INFO  stepDefinitions.BaseClass - Login Passed with valid credentials
2023-01-06 18:09:51.496 [main] INFO  stepDefinitions.BaseClass - Browser Closed
2023-01-06 18:09:52.601 [main] INFO  stepDefinitions.BaseClass - Browser is launched
2023-01-06 18:09:52.601 [main] INFO  stepDefinitions.BaseClass - Baseurl is opened
2023-01-06 18:09:53.645 [main] INFO  stepDefinitions.BaseClass - Entered username and password
2023-01-06 18:09:53.736 [main] INFO  stepDefinitions.BaseClass - Clicked Submit
2023-01-06 18:09:54.231 [main] INFO  stepDefinitions.BaseClass - Login failed with invalid credentials
2023-01-06 18:09:55.370 [main] INFO  stepDefinitions.BaseClass - Browser is launched
2023-01-06 18:09:55.371 [main] INFO  stepDefinitions.BaseClass - Baseurl is opened
2023-01-06 18:09:56.313 [main] INFO  stepDefinitions.BaseClass - Entered username and password
2023-01-06 18:09:56.419 [main] INFO  stepDefinitions.BaseClass - Clicked Submit
2023-01-06 18:09:56.916 [main] INFO  stepDefinitions.BaseClass - Login Passed with valid credentials
2023-01-06 18:10:01.075 [main] INFO  stepDefinitions.BaseClass - Browser Closed
2023-01-06 18:10:02.231 [main] INFO  stepDefinitions.BaseClass - Browser is launched
2023-01-06 18:10:02.231 [main] INFO  stepDefinitions.BaseClass - Baseurl is opened
2023-01-06 18:10:03.688 [main] INFO  stepDefinitions.BaseClass - Login Passed with valid credentials
2023-01-06 18:10:04.495 [main] INFO  stepDefinitions.BaseClass - Clicked Submit
2023-01-06 18:10:04.983 [main] INFO  stepDefinitions.BaseClass - Browser Closed
2023-01-06 18:11:35.695 [main] INFO  stepDefinitions.BaseClass - Browser is launched
2023-01-06 18:11:35.705 [main] INFO  stepDefinitions.BaseClass - Baseurl is opened
2023-01-06 18:11:37.192 [main] INFO  stepDefinitions.BaseClass - Login Passed with valid credentials
2023-01-06 18:11:38.089 [main] INFO  stepDefinitions.BaseClass - Clicked Submit
2023-01-06 18:11:38.561 [main] INFO  stepDefinitions.BaseClass - Browser Closed
2023-01-06 18:14:08.243 [main] INFO  stepDefinitions.BaseClass - Browser is launched
2023-01-06 18:14:08.250 [main] INFO  stepDefinitions.BaseClass - Baseurl is opened
2023-01-06 18:14:09.647 [main] INFO  stepDefinitions.BaseClass - Login Passed with valid credentials
2023-01-06 18:14:10.558 [main] INFO  stepDefinitions.BaseClass - Clicked Submit
2023-01-06 18:14:11.025 [main] INFO  stepDefinitions.BaseClass - Browser Closed
2023-01-06 18:15:58.467 [main] INFO  stepDefinitions.BaseClass - Browser is launched
2023-01-06 18:15:58.477 [main] INFO  stepDefinitions.BaseClass - Baseurl is opened
2023-01-06 18:15:59.447 [main] INFO  stepDefinitions.BaseClass - Entered username and password
2023-01-06 18:15:59.555 [main] INFO  stepDefinitions.BaseClass - Clicked Submit
2023-01-06 18:16:00.125 [main] INFO  stepDefinitions.BaseClass - Login Passed with valid credentials
2023-01-06 18:16:00.129 [main] INFO  stepDefinitions.BaseClass - Clicking SignOff
2023-01-06 18:16:00.556 [main] INFO  stepDefinitions.BaseClass - Login Passed with valid credentials
2023-01-06 18:16:00.558 [main] INFO  stepDefinitions.BaseClass - Browser Closed
2023-01-06 18:16:01.718 [main] INFO  stepDefinitions.BaseClass - Browser is launched
2023-01-06 18:16:01.719 [main] INFO  stepDefinitions.BaseClass - Baseurl is opened
2023-01-06 18:16:02.666 [main] INFO  stepDefinitions.BaseClass - Entered username and password
2023-01-06 18:16:02.770 [main] INFO  stepDefinitions.BaseClass - Clicked Submit
2023-01-06 18:16:03.287 [main] INFO  stepDefinitions.BaseClass - Login Passed with valid credentials
2023-01-06 18:16:03.290 [main] INFO  stepDefinitions.BaseClass - Clicking SignOff
2023-01-06 18:16:03.673 [main] INFO  stepDefinitions.BaseClass - Login Passed with valid credentials
2023-01-06 18:16:03.676 [main] INFO  stepDefinitions.BaseClass - Browser Closed
2023-01-06 18:16:04.811 [main] INFO  stepDefinitions.BaseClass - Browser is launched
2023-01-06 18:16:04.811 [main] INFO  stepDefinitions.BaseClass - Baseurl is opened
2023-01-06 18:16:05.869 [main] INFO  stepDefinitions.BaseClass - Entered username and password
2023-01-06 18:16:05.961 [main] INFO  stepDefinitions.BaseClass - Clicked Submit
2023-01-06 18:16:06.542 [main] INFO  stepDefinitions.BaseClass - Login Passed with valid credentials
2023-01-06 18:16:06.544 [main] INFO  stepDefinitions.BaseClass - Clicking SignOff
2023-01-06 18:16:06.941 [main] INFO  stepDefinitions.BaseClass - Login Passed with valid credentials
2023-01-06 18:16:06.943 [main] INFO  stepDefinitions.BaseClass - Browser Closed
2023-01-06 18:16:08.069 [main] INFO  stepDefinitions.BaseClass - Browser is launched
2023-01-06 18:16:08.070 [main] INFO  stepDefinitions.BaseClass - Baseurl is opened
2023-01-06 18:16:09.174 [main] INFO  stepDefinitions.BaseClass - Entered username and password
2023-01-06 18:16:09.267 [main] INFO  stepDefinitions.BaseClass - Clicked Submit
2023-01-06 18:16:09.830 [main] INFO  stepDefinitions.BaseClass - Login Passed with valid credentials
2023-01-06 18:16:09.832 [main] INFO  stepDefinitions.BaseClass - Clicking SignOff
2023-01-06 18:16:10.266 [main] INFO  stepDefinitions.BaseClass - Login Passed with valid credentials
2023-01-06 18:16:10.268 [main] INFO  stepDefinitions.BaseClass - Browser Closed
2023-01-06 18:16:11.378 [main] INFO  stepDefinitions.BaseClass - Browser is launched
2023-01-06 18:16:11.379 [main] INFO  stepDefinitions.BaseClass - Baseurl is opened
2023-01-06 18:16:12.374 [main] INFO  stepDefinitions.BaseClass - Entered username and password
2023-01-06 18:16:12.469 [main] INFO  stepDefinitions.BaseClass - Clicked Submit
2023-01-06 18:16:12.954 [main] INFO  stepDefinitions.BaseClass - Login failed with invalid credentials
2023-01-06 18:16:14.097 [main] INFO  stepDefinitions.BaseClass - Browser is launched
2023-01-06 18:16:14.098 [main] INFO  stepDefinitions.BaseClass - Baseurl is opened
2023-01-06 18:16:15.064 [main] INFO  stepDefinitions.BaseClass - Entered username and password
2023-01-06 18:16:15.150 [main] INFO  stepDefinitions.BaseClass - Clicked Submit
2023-01-06 18:16:15.642 [main] INFO  stepDefinitions.BaseClass - Login Passed with valid credentials
2023-01-06 18:16:19.801 [main] INFO  stepDefinitions.BaseClass - Browser Closed
2023-01-06 18:16:20.946 [main] INFO  stepDefinitions.BaseClass - Browser is launched
2023-01-06 18:16:20.947 [main] INFO  stepDefinitions.BaseClass - Baseurl is opened
2023-01-06 18:16:22.322 [main] INFO  stepDefinitions.BaseClass - Login Passed with valid credentials
2023-01-06 18:16:23.215 [main] INFO  stepDefinitions.BaseClass - Clicked Submit
2023-01-06 18:16:23.709 [main] INFO  stepDefinitions.BaseClass - Browser Closed
